running develop
running egg_info
creating my_robot_controller2.egg-info
writing my_robot_controller2.egg-info/PKG-INFO
writing dependency_links to my_robot_controller2.egg-info/dependency_links.txt
writing entry points to my_robot_controller2.egg-info/entry_points.txt
writing requirements to my_robot_controller2.egg-info/requires.txt
writing top-level names to my_robot_controller2.egg-info/top_level.txt
writing manifest file 'my_robot_controller2.egg-info/SOURCES.txt'
reading manifest file 'my_robot_controller2.egg-info/SOURCES.txt'
writing manifest file 'my_robot_controller2.egg-info/SOURCES.txt'
running build_ext
Creating /home/iro/ros2_ws/install/my_robot_controller2/lib/python3.10/site-packages/my-robot-controller2.egg-link (link to .)

Installed /home/iro/ros2_ws/build/my_robot_controller2
running install_data
creating /home/iro/ros2_ws/install/my_robot_controller2/share/ament_index
creating /home/iro/ros2_ws/install/my_robot_controller2/share/ament_index/resource_index
creating /home/iro/ros2_ws/install/my_robot_controller2/share/ament_index/resource_index/packages
copying resource/my_robot_controller2 -> /home/iro/ros2_ws/install/my_robot_controller2/share/ament_index/resource_index/packages
copying package.xml -> /home/iro/ros2_ws/install/my_robot_controller2/share/my_robot_controller2
