/usr/lib/python3/dist-packages/setuptools/command/easy_install.py:158: EasyInstallDeprecationWarning: easy_install command is deprecated. Use build and pip and other standards-based tools.
running develop
  warnings.warn(
/usr/lib/python3/dist-packages/setuptools/command/install.py:34: SetuptoolsDeprecationWarning: setup.py install is deprecated. Use build and pip and other standards-based tools.
  warnings.warn(
/usr/lib/python3/dist-packages/pkg_resources/__init__.py:116: PkgResourcesDeprecationWarning: 1.1build1 is an invalid version and will not be supported in a future release
  warnings.warn(
/usr/lib/python3/dist-packages/pkg_resources/__init__.py:116: PkgResourcesDeprecationWarning: 0.1.43ubuntu1 is an invalid version and will not be supported in a future release
  warnings.warn(
running egg_info
writing my_robot_controlerr.egg-info/PKG-INFO
writing dependency_links to my_robot_controlerr.egg-info/dependency_links.txt
writing entry points to my_robot_controlerr.egg-info/entry_points.txt
writing requirements to my_robot_controlerr.egg-info/requires.txt
writing top-level names to my_robot_controlerr.egg-info/top_level.txt
reading manifest file 'my_robot_controlerr.egg-info/SOURCES.txt'
writing manifest file 'my_robot_controlerr.egg-info/SOURCES.txt'
running build_ext
Creating /home/iro/ros2_ws/install/my_robot_controlerr/lib/python3.10/site-packages/my-robot-controlerr.egg-link (link to .)
Installing controller script to /home/iro/ros2_ws/install/my_robot_controlerr/lib/my_robot_controlerr
Installing test_node script to /home/iro/ros2_ws/install/my_robot_controlerr/lib/my_robot_controlerr

Installed /home/iro/ros2_ws/build/my_robot_controlerr
running install_data
