[1.372s] Invoking command in '/home/iro/ros2_ws/build/my_robot_controlerr': PYTHONPATH=/home/iro/ros2_ws/build/my_robot_controlerr/prefix_override:/home/iro/ros2_ws/install/my_robot_controlerr/lib/python3.10/site-packages:${PYTHONPATH} /usr/bin/python3 setup.py develop --editable --build-directory /home/iro/ros2_ws/build/my_robot_controlerr/build --no-deps install_data
[2.065s] /usr/lib/python3/dist-packages/setuptools/command/easy_install.py:158: EasyInstallDeprecationWarning: easy_install command is deprecated. Use build and pip and other standards-based tools.
[2.066s] running develop
[2.066s]   warnings.warn(
[2.069s] /usr/lib/python3/dist-packages/setuptools/command/install.py:34: SetuptoolsDeprecationWarning: setup.py install is deprecated. Use build and pip and other standards-based tools.
[2.069s]   warnings.warn(
[2.211s] /usr/lib/python3/dist-packages/pkg_resources/__init__.py:116: PkgResourcesDeprecationWarning: 1.1build1 is an invalid version and will not be supported in a future release
[2.211s]   warnings.warn(
[2.227s] /usr/lib/python3/dist-packages/pkg_resources/__init__.py:116: PkgResourcesDeprecationWarning: 0.1.43ubuntu1 is an invalid version and will not be supported in a future release
[2.228s]   warnings.warn(
[2.506s] running egg_info
[2.506s] writing my_robot_controlerr.egg-info/PKG-INFO
[2.506s] writing dependency_links to my_robot_controlerr.egg-info/dependency_links.txt
[2.507s] writing entry points to my_robot_controlerr.egg-info/entry_points.txt
[2.507s] writing requirements to my_robot_controlerr.egg-info/requires.txt
[2.507s] writing top-level names to my_robot_controlerr.egg-info/top_level.txt
[2.513s] reading manifest file 'my_robot_controlerr.egg-info/SOURCES.txt'
[2.513s] writing manifest file 'my_robot_controlerr.egg-info/SOURCES.txt'
[2.515s] running build_ext
[2.516s] Creating /home/iro/ros2_ws/install/my_robot_controlerr/lib/python3.10/site-packages/my-robot-controlerr.egg-link (link to .)
[2.521s] Installing controller script to /home/iro/ros2_ws/install/my_robot_controlerr/lib/my_robot_controlerr
[2.521s] Installing test_node script to /home/iro/ros2_ws/install/my_robot_controlerr/lib/my_robot_controlerr
[2.522s] 
[2.522s] Installed /home/iro/ros2_ws/build/my_robot_controlerr
[2.522s] running install_data
[2.590s] Invoked command in '/home/iro/ros2_ws/build/my_robot_controlerr' returned '0': PYTHONPATH=/home/iro/ros2_ws/build/my_robot_controlerr/prefix_override:/home/iro/ros2_ws/install/my_robot_controlerr/lib/python3.10/site-packages:${PYTHONPATH} /usr/bin/python3 setup.py develop --editable --build-directory /home/iro/ros2_ws/build/my_robot_controlerr/build --no-deps install_data
