[0.628s] DEBUG:colcon:Command line arguments: ['/usr/bin/colcon', 'build', '--symlink-install']
[0.628s] DEBUG:colcon:Parsed command line arguments: Namespace(log_base=None, log_level=None, verb_name='build', build_base='build', install_base='install', merge_install=False, symlink_install=True, test_result_base=None, continue_on_error=False, executor='parallel', parallel_workers=2, event_handlers=None, ignore_user_meta=False, metas=['./colcon.meta'], base_paths=['.'], packages_ignore=None, packages_ignore_regex=None, paths=None, packages_up_to=None, packages_up_to_regex=None, packages_above=None, packages_above_and_dependencies=None, packages_above_depth=None, packages_select_by_dep=None, packages_skip_by_dep=None, packages_skip_up_to=None, packages_select_build_failed=False, packages_skip_build_finished=False, packages_select_test_failures=False, packages_skip_test_passed=False, packages_select=None, packages_skip=None, packages_select_regex=None, packages_skip_regex=None, packages_start=None, packages_end=None, allow_overriding=[], cmake_args=None, cmake_target=None, cmake_target_skip_unavailable=False, cmake_clean_cache=False, cmake_clean_first=False, cmake_force_configure=False, ament_cmake_args=None, catkin_cmake_args=None, catkin_skip_building_tests=False, verb_parser=<colcon_defaults.argument_parser.defaults.DefaultArgumentsDecorator object at 0x7fbd2ec6af20>, verb_extension=<colcon_core.verb.build.BuildVerb object at 0x7fbd2f5e57b0>, main=<bound method BuildVerb.main of <colcon_core.verb.build.BuildVerb object at 0x7fbd2f5e57b0>>)
[0.671s] Level 1:colcon.colcon_core.package_discovery:discover_packages(colcon_meta) check parameters
[0.671s] Level 1:colcon.colcon_core.package_discovery:discover_packages(recursive) check parameters
[0.671s] Level 1:colcon.colcon_core.package_discovery:discover_packages(ignore) check parameters
[0.671s] Level 1:colcon.colcon_core.package_discovery:discover_packages(path) check parameters
[0.672s] Level 1:colcon.colcon_core.package_discovery:discover_packages(colcon_meta) discover
[0.672s] Level 1:colcon.colcon_core.package_discovery:discover_packages(recursive) discover
[0.672s] INFO:colcon.colcon_core.package_discovery:Crawling recursively for packages in '/home/iro/ros2_ws'
[0.672s] Level 1:colcon.colcon_core.package_identification:_identify(.) by extensions ['ignore', 'ignore_ament_install']
[0.672s] Level 1:colcon.colcon_core.package_identification:_identify(.) by extension 'ignore'
[0.672s] Level 1:colcon.colcon_core.package_identification:_identify(.) by extension 'ignore_ament_install'
[0.672s] Level 1:colcon.colcon_core.package_identification:_identify(.) by extensions ['colcon_pkg']
[0.672s] Level 1:colcon.colcon_core.package_identification:_identify(.) by extension 'colcon_pkg'
[0.672s] Level 1:colcon.colcon_core.package_identification:_identify(.) by extensions ['colcon_meta']
[0.673s] Level 1:colcon.colcon_core.package_identification:_identify(.) by extension 'colcon_meta'
[0.673s] Level 1:colcon.colcon_core.package_identification:_identify(.) by extensions ['ros']
[0.673s] Level 1:colcon.colcon_core.package_identification:_identify(.) by extension 'ros'
[0.707s] Level 1:colcon.colcon_core.package_identification:_identify(.) by extensions ['cmake', 'python']
[0.708s] Level 1:colcon.colcon_core.package_identification:_identify(.) by extension 'cmake'
[0.708s] Level 1:colcon.colcon_core.package_identification:_identify(.) by extension 'python'
[0.708s] Level 1:colcon.colcon_core.package_identification:_identify(.) by extensions ['python_setup_py']
[0.708s] Level 1:colcon.colcon_core.package_identification:_identify(.) by extension 'python_setup_py'
[0.708s] Level 1:colcon.colcon_core.package_identification:_identify(build) by extensions ['ignore', 'ignore_ament_install']
[0.708s] Level 1:colcon.colcon_core.package_identification:_identify(build) by extension 'ignore'
[0.708s] Level 1:colcon.colcon_core.package_identification:_identify(build) ignored
[0.709s] Level 1:colcon.colcon_core.package_identification:_identify(install) by extensions ['ignore', 'ignore_ament_install']
[0.709s] Level 1:colcon.colcon_core.package_identification:_identify(install) by extension 'ignore'
[0.709s] Level 1:colcon.colcon_core.package_identification:_identify(install) ignored
[0.709s] Level 1:colcon.colcon_core.package_identification:_identify(log) by extensions ['ignore', 'ignore_ament_install']
[0.709s] Level 1:colcon.colcon_core.package_identification:_identify(log) by extension 'ignore'
[0.709s] Level 1:colcon.colcon_core.package_identification:_identify(log) ignored
[0.709s] Level 1:colcon.colcon_core.package_identification:_identify(src) by extensions ['ignore', 'ignore_ament_install']
[0.710s] Level 1:colcon.colcon_core.package_identification:_identify(src) by extension 'ignore'
[0.710s] Level 1:colcon.colcon_core.package_identification:_identify(src) by extension 'ignore_ament_install'
[0.710s] Level 1:colcon.colcon_core.package_identification:_identify(src) by extensions ['colcon_pkg']
[0.710s] Level 1:colcon.colcon_core.package_identification:_identify(src) by extension 'colcon_pkg'
[0.710s] Level 1:colcon.colcon_core.package_identification:_identify(src) by extensions ['colcon_meta']
[0.710s] Level 1:colcon.colcon_core.package_identification:_identify(src) by extension 'colcon_meta'
[0.710s] Level 1:colcon.colcon_core.package_identification:_identify(src) by extensions ['ros']
[0.710s] Level 1:colcon.colcon_core.package_identification:_identify(src) by extension 'ros'
[0.710s] Level 1:colcon.colcon_core.package_identification:_identify(src) by extensions ['cmake', 'python']
[0.710s] Level 1:colcon.colcon_core.package_identification:_identify(src) by extension 'cmake'
[0.710s] Level 1:colcon.colcon_core.package_identification:_identify(src) by extension 'python'
[0.711s] Level 1:colcon.colcon_core.package_identification:_identify(src) by extensions ['python_setup_py']
[0.711s] Level 1:colcon.colcon_core.package_identification:_identify(src) by extension 'python_setup_py'
[0.711s] Level 1:colcon.colcon_core.package_identification:_identify(src/my_robot_controlerr) by extensions ['ignore', 'ignore_ament_install']
[0.711s] Level 1:colcon.colcon_core.package_identification:_identify(src/my_robot_controlerr) by extension 'ignore'
[0.711s] Level 1:colcon.colcon_core.package_identification:_identify(src/my_robot_controlerr) by extension 'ignore_ament_install'
[0.711s] Level 1:colcon.colcon_core.package_identification:_identify(src/my_robot_controlerr) by extensions ['colcon_pkg']
[0.711s] Level 1:colcon.colcon_core.package_identification:_identify(src/my_robot_controlerr) by extension 'colcon_pkg'
[0.711s] Level 1:colcon.colcon_core.package_identification:_identify(src/my_robot_controlerr) by extensions ['colcon_meta']
[0.711s] Level 1:colcon.colcon_core.package_identification:_identify(src/my_robot_controlerr) by extension 'colcon_meta'
[0.711s] Level 1:colcon.colcon_core.package_identification:_identify(src/my_robot_controlerr) by extensions ['ros']
[0.711s] Level 1:colcon.colcon_core.package_identification:_identify(src/my_robot_controlerr) by extension 'ros'
[0.714s] DEBUG:colcon.colcon_core.package_identification:Failed to parse potential ROS package manifest in'src/my_robot_controlerr': Error(s) in package 'src/my_robot_controlerr/package.xml':
The manifest contains invalid XML:
mismatched tag: line 11, column 26
[0.714s] Level 1:colcon.colcon_core.package_identification:_identify(src/my_robot_controlerr) by extensions ['cmake', 'python']
[0.714s] Level 1:colcon.colcon_core.package_identification:_identify(src/my_robot_controlerr) by extension 'cmake'
[0.714s] Level 1:colcon.colcon_core.package_identification:_identify(src/my_robot_controlerr) by extension 'python'
[0.714s] DEBUG:colcon.colcon_core.package_identification:Python package in 'src/my_robot_controlerr' passes arguments to the setup() function which requires a different identification extension than 'python'
[0.714s] Level 1:colcon.colcon_core.package_identification:_identify(src/my_robot_controlerr) by extensions ['python_setup_py']
[0.714s] Level 1:colcon.colcon_core.package_identification:_identify(src/my_robot_controlerr) by extension 'python_setup_py'
[1.209s] DEBUG:colcon.colcon_core.package_identification:Package 'src/my_robot_controlerr' with type 'python' and name 'my_robot_controlerr'
[1.210s] Level 1:colcon.colcon_core.package_identification:_identify(src/my_robot_controller2) by extensions ['ignore', 'ignore_ament_install']
[1.210s] Level 1:colcon.colcon_core.package_identification:_identify(src/my_robot_controller2) by extension 'ignore'
[1.211s] Level 1:colcon.colcon_core.package_identification:_identify(src/my_robot_controller2) by extension 'ignore_ament_install'
[1.212s] Level 1:colcon.colcon_core.package_identification:_identify(src/my_robot_controller2) by extensions ['colcon_pkg']
[1.212s] Level 1:colcon.colcon_core.package_identification:_identify(src/my_robot_controller2) by extension 'colcon_pkg'
[1.212s] Level 1:colcon.colcon_core.package_identification:_identify(src/my_robot_controller2) by extensions ['colcon_meta']
[1.212s] Level 1:colcon.colcon_core.package_identification:_identify(src/my_robot_controller2) by extension 'colcon_meta'
[1.212s] Level 1:colcon.colcon_core.package_identification:_identify(src/my_robot_controller2) by extensions ['ros']
[1.212s] Level 1:colcon.colcon_core.package_identification:_identify(src/my_robot_controller2) by extension 'ros'
[1.216s] DEBUG:colcon.colcon_core.package_identification:Package 'src/my_robot_controller2' with type 'ros.ament_python' and name 'my_robot_controller2'
[1.216s] Level 1:colcon.colcon_core.package_identification:_identify(src/our_controller) by extensions ['ignore', 'ignore_ament_install']
[1.217s] Level 1:colcon.colcon_core.package_identification:_identify(src/our_controller) by extension 'ignore'
[1.217s] Level 1:colcon.colcon_core.package_identification:_identify(src/our_controller) by extension 'ignore_ament_install'
[1.217s] Level 1:colcon.colcon_core.package_identification:_identify(src/our_controller) by extensions ['colcon_pkg']
[1.217s] Level 1:colcon.colcon_core.package_identification:_identify(src/our_controller) by extension 'colcon_pkg'
[1.222s] Level 1:colcon.colcon_core.package_identification:_identify(src/our_controller) by extensions ['colcon_meta']
[1.222s] Level 1:colcon.colcon_core.package_identification:_identify(src/our_controller) by extension 'colcon_meta'
[1.222s] Level 1:colcon.colcon_core.package_identification:_identify(src/our_controller) by extensions ['ros']
[1.222s] Level 1:colcon.colcon_core.package_identification:_identify(src/our_controller) by extension 'ros'
[1.224s] DEBUG:colcon.colcon_core.package_identification:Package 'src/our_controller' with type 'ros.ament_python' and name 'our_controller'
[1.224s] Level 1:colcon.colcon_core.package_discovery:discover_packages(recursive) using defaults
[1.225s] Level 1:colcon.colcon_core.package_discovery:discover_packages(ignore) discover
[1.225s] Level 1:colcon.colcon_core.package_discovery:discover_packages(ignore) using defaults
[1.225s] Level 1:colcon.colcon_core.package_discovery:discover_packages(path) discover
[1.225s] Level 1:colcon.colcon_core.package_discovery:discover_packages(path) using defaults
[1.273s] Level 1:colcon.colcon_core.package_discovery:discover_packages(prefix_path) check parameters
[1.273s] Level 1:colcon.colcon_core.package_discovery:discover_packages(prefix_path) discover
[1.278s] DEBUG:colcon.colcon_installed_package_information.package_discovery:Found 3 installed packages in /home/iro/ros2_ws/install
[1.282s] DEBUG:colcon.colcon_installed_package_information.package_discovery:Found 287 installed packages in /opt/ros/humble
[1.285s] Level 1:colcon.colcon_core.package_discovery:discover_packages(prefix_path) using defaults
[1.419s] Level 5:colcon.colcon_core.verb:set package 'my_robot_controlerr' build argument 'cmake_args' from command line to 'None'
[1.419s] Level 5:colcon.colcon_core.verb:set package 'my_robot_controlerr' build argument 'cmake_target' from command line to 'None'
[1.419s] Level 5:colcon.colcon_core.verb:set package 'my_robot_controlerr' build argument 'cmake_target_skip_unavailable' from command line to 'False'
[1.419s] Level 5:colcon.colcon_core.verb:set package 'my_robot_controlerr' build argument 'cmake_clean_cache' from command line to 'False'
[1.419s] Level 5:colcon.colcon_core.verb:set package 'my_robot_controlerr' build argument 'cmake_clean_first' from command line to 'False'
[1.419s] Level 5:colcon.colcon_core.verb:set package 'my_robot_controlerr' build argument 'cmake_force_configure' from command line to 'False'
[1.419s] Level 5:colcon.colcon_core.verb:set package 'my_robot_controlerr' build argument 'ament_cmake_args' from command line to 'None'
[1.419s] Level 5:colcon.colcon_core.verb:set package 'my_robot_controlerr' build argument 'catkin_cmake_args' from command line to 'None'
[1.419s] Level 5:colcon.colcon_core.verb:set package 'my_robot_controlerr' build argument 'catkin_skip_building_tests' from command line to 'False'
[1.419s] DEBUG:colcon.colcon_core.verb:Building package 'my_robot_controlerr' with the following arguments: {'ament_cmake_args': None, 'build_base': '/home/iro/ros2_ws/build/my_robot_controlerr', 'catkin_cmake_args': None, 'catkin_skip_building_tests': False, 'cmake_args': None, 'cmake_clean_cache': False, 'cmake_clean_first': False, 'cmake_force_configure': False, 'cmake_target': None, 'cmake_target_skip_unavailable': False, 'install_base': '/home/iro/ros2_ws/install/my_robot_controlerr', 'merge_install': False, 'path': '/home/iro/ros2_ws/src/my_robot_controlerr', 'symlink_install': True, 'test_result_base': None}
[1.421s] Level 5:colcon.colcon_core.verb:set package 'my_robot_controller2' build argument 'cmake_args' from command line to 'None'
[1.421s] Level 5:colcon.colcon_core.verb:set package 'my_robot_controller2' build argument 'cmake_target' from command line to 'None'
[1.422s] Level 5:colcon.colcon_core.verb:set package 'my_robot_controller2' build argument 'cmake_target_skip_unavailable' from command line to 'False'
[1.422s] Level 5:colcon.colcon_core.verb:set package 'my_robot_controller2' build argument 'cmake_clean_cache' from command line to 'False'
[1.422s] Level 5:colcon.colcon_core.verb:set package 'my_robot_controller2' build argument 'cmake_clean_first' from command line to 'False'
[1.422s] Level 5:colcon.colcon_core.verb:set package 'my_robot_controller2' build argument 'cmake_force_configure' from command line to 'False'
[1.422s] Level 5:colcon.colcon_core.verb:set package 'my_robot_controller2' build argument 'ament_cmake_args' from command line to 'None'
[1.422s] Level 5:colcon.colcon_core.verb:set package 'my_robot_controller2' build argument 'catkin_cmake_args' from command line to 'None'
[1.422s] Level 5:colcon.colcon_core.verb:set package 'my_robot_controller2' build argument 'catkin_skip_building_tests' from command line to 'False'
[1.422s] DEBUG:colcon.colcon_core.verb:Building package 'my_robot_controller2' with the following arguments: {'ament_cmake_args': None, 'build_base': '/home/iro/ros2_ws/build/my_robot_controller2', 'catkin_cmake_args': None, 'catkin_skip_building_tests': False, 'cmake_args': None, 'cmake_clean_cache': False, 'cmake_clean_first': False, 'cmake_force_configure': False, 'cmake_target': None, 'cmake_target_skip_unavailable': False, 'install_base': '/home/iro/ros2_ws/install/my_robot_controller2', 'merge_install': False, 'path': '/home/iro/ros2_ws/src/my_robot_controller2', 'symlink_install': True, 'test_result_base': None}
[1.424s] Level 5:colcon.colcon_core.verb:set package 'our_controller' build argument 'cmake_args' from command line to 'None'
[1.424s] Level 5:colcon.colcon_core.verb:set package 'our_controller' build argument 'cmake_target' from command line to 'None'
[1.424s] Level 5:colcon.colcon_core.verb:set package 'our_controller' build argument 'cmake_target_skip_unavailable' from command line to 'False'
[1.424s] Level 5:colcon.colcon_core.verb:set package 'our_controller' build argument 'cmake_clean_cache' from command line to 'False'
[1.424s] Level 5:colcon.colcon_core.verb:set package 'our_controller' build argument 'cmake_clean_first' from command line to 'False'
[1.424s] Level 5:colcon.colcon_core.verb:set package 'our_controller' build argument 'cmake_force_configure' from command line to 'False'
[1.424s] Level 5:colcon.colcon_core.verb:set package 'our_controller' build argument 'ament_cmake_args' from command line to 'None'
[1.424s] Level 5:colcon.colcon_core.verb:set package 'our_controller' build argument 'catkin_cmake_args' from command line to 'None'
[1.424s] Level 5:colcon.colcon_core.verb:set package 'our_controller' build argument 'catkin_skip_building_tests' from command line to 'False'
[1.424s] DEBUG:colcon.colcon_core.verb:Building package 'our_controller' with the following arguments: {'ament_cmake_args': None, 'build_base': '/home/iro/ros2_ws/build/our_controller', 'catkin_cmake_args': None, 'catkin_skip_building_tests': False, 'cmake_args': None, 'cmake_clean_cache': False, 'cmake_clean_first': False, 'cmake_force_configure': False, 'cmake_target': None, 'cmake_target_skip_unavailable': False, 'install_base': '/home/iro/ros2_ws/install/our_controller', 'merge_install': False, 'path': '/home/iro/ros2_ws/src/our_controller', 'symlink_install': True, 'test_result_base': None}
[1.426s] INFO:colcon.colcon_core.executor:Executing jobs using 'parallel' executor
[1.434s] DEBUG:colcon.colcon_parallel_executor.executor.parallel:run_until_complete
[1.435s] INFO:colcon.colcon_core.task.python.build:Building Python package in '/home/iro/ros2_ws/src/my_robot_controlerr'
[1.443s] INFO:colcon.colcon_core.plugin_system:Skipping extension 'colcon_core.shell.bat': Not used on non-Windows systems
[1.444s] INFO:colcon.colcon_core.shell:Skip shell extension 'powershell' for command environment: Not usable outside of PowerShell
[1.444s] DEBUG:colcon.colcon_core.shell:Skip shell extension 'dsv' for command environment
[1.453s] INFO:colcon.colcon_ros.task.ament_python.build:Building ROS package in '/home/iro/ros2_ws/src/my_robot_controller2' with build type 'ament_python'
[1.453s] Level 1:colcon.colcon_core.shell:create_environment_hook('my_robot_controller2', 'ament_prefix_path')
[1.455s] INFO:colcon.colcon_core.shell:Creating environment hook '/home/iro/ros2_ws/install/my_robot_controller2/share/my_robot_controller2/hook/ament_prefix_path.ps1'
[1.457s] INFO:colcon.colcon_core.shell:Creating environment descriptor '/home/iro/ros2_ws/install/my_robot_controller2/share/my_robot_controller2/hook/ament_prefix_path.dsv'
[1.458s] INFO:colcon.colcon_core.shell:Creating environment hook '/home/iro/ros2_ws/install/my_robot_controller2/share/my_robot_controller2/hook/ament_prefix_path.sh'
[1.461s] INFO:colcon.colcon_core.shell:Skip shell extension 'powershell' for command environment: Not usable outside of PowerShell
[1.462s] DEBUG:colcon.colcon_core.shell:Skip shell extension 'dsv' for command environment
[3.094s] INFO:colcon.colcon_core.task.python.build:Building Python package in '/home/iro/ros2_ws/src/my_robot_controller2'
[3.096s] INFO:colcon.colcon_core.shell:Skip shell extension 'powershell' for command environment: Not usable outside of PowerShell
[3.097s] DEBUG:colcon.colcon_core.shell:Skip shell extension 'dsv' for command environment
[3.118s] DEBUG:colcon.colcon_core.event_handler.log_command:Invoking command in '/home/iro/ros2_ws/build/my_robot_controlerr': PYTHONPATH=/home/iro/ros2_ws/build/my_robot_controlerr/prefix_override:/home/iro/ros2_ws/install/my_robot_controlerr/lib/python3.10/site-packages:${PYTHONPATH} /usr/bin/python3 setup.py develop --editable --build-directory /home/iro/ros2_ws/build/my_robot_controlerr/build --no-deps install_data
[4.198s] DEBUG:colcon.colcon_core.event_handler.log_command:Invoking command in '/home/iro/ros2_ws/build/my_robot_controller2': PYTHONPATH=/home/iro/ros2_ws/build/my_robot_controller2/prefix_override:/home/iro/ros2_ws/install/my_robot_controller2/lib/python3.10/site-packages:${PYTHONPATH} /usr/bin/python3 setup.py develop --editable --build-directory /home/iro/ros2_ws/build/my_robot_controller2/build --no-deps install_data
[4.907s] Level 1:colcon.colcon_core.shell:create_environment_hook('my_robot_controlerr', 'pythonpath_develop')
[4.912s] INFO:colcon.colcon_core.shell:Creating environment hook '/home/iro/ros2_ws/build/my_robot_controlerr/share/my_robot_controlerr/hook/pythonpath_develop.ps1'
[4.912s] DEBUG:colcon.colcon_core.event_handler.log_command:Invoked command in '/home/iro/ros2_ws/build/my_robot_controlerr' returned '0': PYTHONPATH=/home/iro/ros2_ws/build/my_robot_controlerr/prefix_override:/home/iro/ros2_ws/install/my_robot_controlerr/lib/python3.10/site-packages:${PYTHONPATH} /usr/bin/python3 setup.py develop --editable --build-directory /home/iro/ros2_ws/build/my_robot_controlerr/build --no-deps install_data
[4.914s] INFO:colcon.colcon_core.shell:Creating environment descriptor '/home/iro/ros2_ws/build/my_robot_controlerr/share/my_robot_controlerr/hook/pythonpath_develop.dsv'
[4.916s] INFO:colcon.colcon_core.shell:Creating environment hook '/home/iro/ros2_ws/build/my_robot_controlerr/share/my_robot_controlerr/hook/pythonpath_develop.sh'
[4.931s] Level 1:colcon.colcon_core.environment:checking '/home/iro/ros2_ws/install/my_robot_controlerr' for CMake module files
[4.932s] Level 1:colcon.colcon_core.environment:checking '/home/iro/ros2_ws/install/my_robot_controlerr' for CMake config files
[4.933s] Level 1:colcon.colcon_core.environment:checking '/home/iro/ros2_ws/install/my_robot_controlerr/lib'
[4.933s] Level 1:colcon.colcon_core.environment:checking '/home/iro/ros2_ws/install/my_robot_controlerr/bin'
[4.933s] Level 1:colcon.colcon_core.environment:checking '/home/iro/ros2_ws/install/my_robot_controlerr/lib/pkgconfig/my_robot_controlerr.pc'
[4.936s] Level 1:colcon.colcon_core.environment:checking '/home/iro/ros2_ws/install/my_robot_controlerr/lib/python3.10/site-packages'
[4.936s] Level 1:colcon.colcon_core.shell:create_environment_hook('my_robot_controlerr', 'pythonpath')
[4.940s] INFO:colcon.colcon_core.shell:Creating environment hook '/home/iro/ros2_ws/install/my_robot_controlerr/share/my_robot_controlerr/hook/pythonpath.ps1'
[4.941s] INFO:colcon.colcon_core.shell:Creating environment descriptor '/home/iro/ros2_ws/install/my_robot_controlerr/share/my_robot_controlerr/hook/pythonpath.dsv'
[4.942s] INFO:colcon.colcon_core.shell:Creating environment hook '/home/iro/ros2_ws/install/my_robot_controlerr/share/my_robot_controlerr/hook/pythonpath.sh'
[4.944s] Level 1:colcon.colcon_core.environment:checking '/home/iro/ros2_ws/install/my_robot_controlerr/bin'
[4.944s] Level 1:colcon.colcon_core.environment:create_environment_scripts_only(my_robot_controlerr)
[4.947s] INFO:colcon.colcon_core.shell:Creating package script '/home/iro/ros2_ws/install/my_robot_controlerr/share/my_robot_controlerr/package.ps1'
[4.948s] INFO:colcon.colcon_core.shell:Creating package descriptor '/home/iro/ros2_ws/install/my_robot_controlerr/share/my_robot_controlerr/package.dsv'
[4.950s] INFO:colcon.colcon_core.shell:Creating package script '/home/iro/ros2_ws/install/my_robot_controlerr/share/my_robot_controlerr/package.sh'
[4.954s] INFO:colcon.colcon_core.shell:Creating package script '/home/iro/ros2_ws/install/my_robot_controlerr/share/my_robot_controlerr/package.bash'
[4.957s] INFO:colcon.colcon_core.shell:Creating package script '/home/iro/ros2_ws/install/my_robot_controlerr/share/my_robot_controlerr/package.zsh'
[4.958s] Level 1:colcon.colcon_core.environment:create_file_with_runtime_dependencies(/home/iro/ros2_ws/install/my_robot_controlerr/share/colcon-core/packages/my_robot_controlerr)
[4.961s] INFO:colcon.colcon_ros.task.ament_python.build:Building ROS package in '/home/iro/ros2_ws/src/our_controller' with build type 'ament_python'
[4.961s] Level 1:colcon.colcon_core.shell:create_environment_hook('our_controller', 'ament_prefix_path')
[4.964s] INFO:colcon.colcon_core.shell:Creating environment hook '/home/iro/ros2_ws/install/our_controller/share/our_controller/hook/ament_prefix_path.ps1'
[4.966s] INFO:colcon.colcon_core.shell:Creating environment descriptor '/home/iro/ros2_ws/install/our_controller/share/our_controller/hook/ament_prefix_path.dsv'
[4.966s] INFO:colcon.colcon_core.shell:Creating environment hook '/home/iro/ros2_ws/install/our_controller/share/our_controller/hook/ament_prefix_path.sh'
[4.976s] INFO:colcon.colcon_core.shell:Skip shell extension 'powershell' for command environment: Not usable outside of PowerShell
[4.976s] DEBUG:colcon.colcon_core.shell:Skip shell extension 'dsv' for command environment
[5.705s] INFO:colcon.colcon_core.task.python.build:Building Python package in '/home/iro/ros2_ws/src/our_controller'
[5.709s] INFO:colcon.colcon_core.shell:Skip shell extension 'powershell' for command environment: Not usable outside of PowerShell
[5.709s] DEBUG:colcon.colcon_core.shell:Skip shell extension 'dsv' for command environment
[6.128s] Level 1:colcon.colcon_core.shell:create_environment_hook('my_robot_controller2', 'pythonpath_develop')
[6.132s] INFO:colcon.colcon_core.shell:Creating environment hook '/home/iro/ros2_ws/build/my_robot_controller2/share/my_robot_controller2/hook/pythonpath_develop.ps1'
[6.133s] DEBUG:colcon.colcon_core.event_handler.log_command:Invoked command in '/home/iro/ros2_ws/build/my_robot_controller2' returned '0': PYTHONPATH=/home/iro/ros2_ws/build/my_robot_controller2/prefix_override:/home/iro/ros2_ws/install/my_robot_controller2/lib/python3.10/site-packages:${PYTHONPATH} /usr/bin/python3 setup.py develop --editable --build-directory /home/iro/ros2_ws/build/my_robot_controller2/build --no-deps install_data
[6.134s] INFO:colcon.colcon_core.shell:Creating environment descriptor '/home/iro/ros2_ws/build/my_robot_controller2/share/my_robot_controller2/hook/pythonpath_develop.dsv'
[6.135s] INFO:colcon.colcon_core.shell:Creating environment hook '/home/iro/ros2_ws/build/my_robot_controller2/share/my_robot_controller2/hook/pythonpath_develop.sh'
[6.142s] Level 1:colcon.colcon_core.environment:checking '/home/iro/ros2_ws/install/my_robot_controller2' for CMake module files
[6.143s] Level 1:colcon.colcon_core.environment:checking '/home/iro/ros2_ws/install/my_robot_controller2' for CMake config files
[6.145s] Level 1:colcon.colcon_core.environment:checking '/home/iro/ros2_ws/install/my_robot_controller2/lib'
[6.145s] Level 1:colcon.colcon_core.environment:checking '/home/iro/ros2_ws/install/my_robot_controller2/bin'
[6.145s] Level 1:colcon.colcon_core.environment:checking '/home/iro/ros2_ws/install/my_robot_controller2/lib/pkgconfig/my_robot_controller2.pc'
[6.146s] Level 1:colcon.colcon_core.environment:checking '/home/iro/ros2_ws/install/my_robot_controller2/lib/python3.10/site-packages'
[6.146s] Level 1:colcon.colcon_core.shell:create_environment_hook('my_robot_controller2', 'pythonpath')
[6.151s] INFO:colcon.colcon_core.shell:Creating environment hook '/home/iro/ros2_ws/install/my_robot_controller2/share/my_robot_controller2/hook/pythonpath.ps1'
[6.152s] INFO:colcon.colcon_core.shell:Creating environment descriptor '/home/iro/ros2_ws/install/my_robot_controller2/share/my_robot_controller2/hook/pythonpath.dsv'
[6.153s] INFO:colcon.colcon_core.shell:Creating environment hook '/home/iro/ros2_ws/install/my_robot_controller2/share/my_robot_controller2/hook/pythonpath.sh'
[6.155s] Level 1:colcon.colcon_core.environment:checking '/home/iro/ros2_ws/install/my_robot_controller2/bin'
[6.155s] Level 1:colcon.colcon_core.environment:create_environment_scripts_only(my_robot_controller2)
[6.160s] INFO:colcon.colcon_core.shell:Creating package script '/home/iro/ros2_ws/install/my_robot_controller2/share/my_robot_controller2/package.ps1'
[6.162s] INFO:colcon.colcon_core.shell:Creating package descriptor '/home/iro/ros2_ws/install/my_robot_controller2/share/my_robot_controller2/package.dsv'
[6.163s] INFO:colcon.colcon_core.shell:Creating package script '/home/iro/ros2_ws/install/my_robot_controller2/share/my_robot_controller2/package.sh'
[6.166s] INFO:colcon.colcon_core.shell:Creating package script '/home/iro/ros2_ws/install/my_robot_controller2/share/my_robot_controller2/package.bash'
[6.167s] INFO:colcon.colcon_core.shell:Creating package script '/home/iro/ros2_ws/install/my_robot_controller2/share/my_robot_controller2/package.zsh'
[6.168s] Level 1:colcon.colcon_core.environment:create_file_with_runtime_dependencies(/home/iro/ros2_ws/install/my_robot_controller2/share/colcon-core/packages/my_robot_controller2)
[6.565s] DEBUG:colcon.colcon_core.event_handler.log_command:Invoking command in '/home/iro/ros2_ws/build/our_controller': PYTHONPATH=/home/iro/ros2_ws/build/our_controller/prefix_override:/home/iro/ros2_ws/install/our_controller/lib/python3.10/site-packages:${PYTHONPATH} /usr/bin/python3 setup.py develop --editable --build-directory /home/iro/ros2_ws/build/our_controller/build --no-deps install_data
[7.572s] Level 1:colcon.colcon_core.shell:create_environment_hook('our_controller', 'pythonpath_develop')
[7.575s] INFO:colcon.colcon_core.shell:Creating environment hook '/home/iro/ros2_ws/build/our_controller/share/our_controller/hook/pythonpath_develop.ps1'
[7.575s] DEBUG:colcon.colcon_core.event_handler.log_command:Invoked command in '/home/iro/ros2_ws/build/our_controller' returned '0': PYTHONPATH=/home/iro/ros2_ws/build/our_controller/prefix_override:/home/iro/ros2_ws/install/our_controller/lib/python3.10/site-packages:${PYTHONPATH} /usr/bin/python3 setup.py develop --editable --build-directory /home/iro/ros2_ws/build/our_controller/build --no-deps install_data
[7.577s] INFO:colcon.colcon_core.shell:Creating environment descriptor '/home/iro/ros2_ws/build/our_controller/share/our_controller/hook/pythonpath_develop.dsv'
[7.577s] INFO:colcon.colcon_core.shell:Creating environment hook '/home/iro/ros2_ws/build/our_controller/share/our_controller/hook/pythonpath_develop.sh'
[7.582s] Level 1:colcon.colcon_core.environment:checking '/home/iro/ros2_ws/install/our_controller' for CMake module files
[7.583s] Level 1:colcon.colcon_core.environment:checking '/home/iro/ros2_ws/install/our_controller' for CMake config files
[7.584s] Level 1:colcon.colcon_core.environment:checking '/home/iro/ros2_ws/install/our_controller/lib'
[7.584s] Level 1:colcon.colcon_core.environment:checking '/home/iro/ros2_ws/install/our_controller/bin'
[7.584s] Level 1:colcon.colcon_core.environment:checking '/home/iro/ros2_ws/install/our_controller/lib/pkgconfig/our_controller.pc'
[7.585s] Level 1:colcon.colcon_core.environment:checking '/home/iro/ros2_ws/install/our_controller/lib/python3.10/site-packages'
[7.585s] Level 1:colcon.colcon_core.shell:create_environment_hook('our_controller', 'pythonpath')
[7.588s] INFO:colcon.colcon_core.shell:Creating environment hook '/home/iro/ros2_ws/install/our_controller/share/our_controller/hook/pythonpath.ps1'
[7.588s] INFO:colcon.colcon_core.shell:Creating environment descriptor '/home/iro/ros2_ws/install/our_controller/share/our_controller/hook/pythonpath.dsv'
[7.589s] INFO:colcon.colcon_core.shell:Creating environment hook '/home/iro/ros2_ws/install/our_controller/share/our_controller/hook/pythonpath.sh'
[7.591s] Level 1:colcon.colcon_core.environment:checking '/home/iro/ros2_ws/install/our_controller/bin'
[7.591s] Level 1:colcon.colcon_core.environment:create_environment_scripts_only(our_controller)
[7.594s] INFO:colcon.colcon_core.shell:Creating package script '/home/iro/ros2_ws/install/our_controller/share/our_controller/package.ps1'
[7.595s] INFO:colcon.colcon_core.shell:Creating package descriptor '/home/iro/ros2_ws/install/our_controller/share/our_controller/package.dsv'
[7.596s] INFO:colcon.colcon_core.shell:Creating package script '/home/iro/ros2_ws/install/our_controller/share/our_controller/package.sh'
[7.597s] INFO:colcon.colcon_core.shell:Creating package script '/home/iro/ros2_ws/install/our_controller/share/our_controller/package.bash'
[7.598s] INFO:colcon.colcon_core.shell:Creating package script '/home/iro/ros2_ws/install/our_controller/share/our_controller/package.zsh'
[7.599s] Level 1:colcon.colcon_core.environment:create_file_with_runtime_dependencies(/home/iro/ros2_ws/install/our_controller/share/colcon-core/packages/our_controller)
[7.599s] DEBUG:colcon.colcon_parallel_executor.executor.parallel:closing loop
[7.600s] DEBUG:colcon.colcon_parallel_executor.executor.parallel:loop closed
[7.600s] DEBUG:colcon.colcon_parallel_executor.executor.parallel:run_until_complete finished with '0'
[7.601s] DEBUG:colcon.colcon_core.event_reactor:joining thread
[7.613s] INFO:colcon.colcon_core.plugin_system:Skipping extension 'colcon_notification.desktop_notification.terminal_notifier': Not used on non-Darwin systems
[7.613s] INFO:colcon.colcon_core.plugin_system:Skipping extension 'colcon_notification.desktop_notification.win32': Not used on non-Windows systems
[7.614s] INFO:colcon.colcon_notification.desktop_notification:Sending desktop notification using 'notify2'
[7.641s] DEBUG:colcon.colcon_core.event_reactor:joined thread
[7.644s] INFO:colcon.colcon_core.shell:Creating prefix script '/home/iro/ros2_ws/install/local_setup.ps1'
[7.646s] INFO:colcon.colcon_core.shell:Creating prefix util module '/home/iro/ros2_ws/install/_local_setup_util_ps1.py'
[7.648s] INFO:colcon.colcon_core.shell:Creating prefix chain script '/home/iro/ros2_ws/install/setup.ps1'
[7.653s] INFO:colcon.colcon_core.shell:Creating prefix script '/home/iro/ros2_ws/install/local_setup.sh'
[7.656s] INFO:colcon.colcon_core.shell:Creating prefix util module '/home/iro/ros2_ws/install/_local_setup_util_sh.py'
[7.657s] INFO:colcon.colcon_core.shell:Creating prefix chain script '/home/iro/ros2_ws/install/setup.sh'
[7.662s] INFO:colcon.colcon_core.shell:Creating prefix script '/home/iro/ros2_ws/install/local_setup.bash'
[7.664s] INFO:colcon.colcon_core.shell:Creating prefix chain script '/home/iro/ros2_ws/install/setup.bash'
[7.669s] INFO:colcon.colcon_core.shell:Creating prefix script '/home/iro/ros2_ws/install/local_setup.zsh'
[7.671s] INFO:colcon.colcon_core.shell:Creating prefix chain script '/home/iro/ros2_ws/install/setup.zsh'
