[1.222s] Invoking command in '/home/iro/ros2_ws/build/my_robot_controlerr': PYTHONPATH=/home/iro/ros2_ws/build/my_robot_controlerr/prefix_override:/home/iro/ros2_ws/install/my_robot_controlerr/lib/python3.10/site-packages:${PYTHONPATH} /usr/bin/python3 setup.py develop --uninstall --editable --build-directory /home/iro/ros2_ws/build/my_robot_controlerr/build
[1.739s] running develop
[1.740s] /usr/lib/python3/dist-packages/setuptools/command/easy_install.py:158: EasyInstallDeprecationWarning: easy_install command is deprecated. Use build and pip and other standards-based tools.
[1.741s]   warnings.warn(
[1.743s] /usr/lib/python3/dist-packages/setuptools/command/install.py:34: SetuptoolsDeprecationWarning: setup.py install is deprecated. Use build and pip and other standards-based tools.
[1.746s]   warnings.warn(
[1.866s] /usr/lib/python3/dist-packages/pkg_resources/__init__.py:116: PkgResourcesDeprecationWarning: 1.1build1 is an invalid version and will not be supported in a future release
[1.866s]   warnings.warn(
[1.867s] /usr/lib/python3/dist-packages/pkg_resources/__init__.py:116: PkgResourcesDeprecationWarning: 0.1.43ubuntu1 is an invalid version and will not be supported in a future release
[1.867s]   warnings.warn(
[2.078s] Removing /home/iro/ros2_ws/install/my_robot_controlerr/lib/python3.10/site-packages/my-robot-controlerr.egg-link (link to .)
[2.135s] Invoked command in '/home/iro/ros2_ws/build/my_robot_controlerr' returned '0': PYTHONPATH=/home/iro/ros2_ws/build/my_robot_controlerr/prefix_override:/home/iro/ros2_ws/install/my_robot_controlerr/lib/python3.10/site-packages:${PYTHONPATH} /usr/bin/python3 setup.py develop --uninstall --editable --build-directory /home/iro/ros2_ws/build/my_robot_controlerr/build
[2.136s] Invoking command in '/home/iro/ros2_ws/src/my_robot_controlerr': PYTHONPATH=/home/iro/ros2_ws/build/my_robot_controlerr/prefix_override:/home/iro/ros2_ws/install/my_robot_controlerr/lib/python3.10/site-packages:${PYTHONPATH} /usr/bin/python3 setup.py egg_info --egg-base ../../build/my_robot_controlerr build --build-base /home/iro/ros2_ws/build/my_robot_controlerr/build install --record /home/iro/ros2_ws/build/my_robot_controlerr/install.log --single-version-externally-managed
[2.602s] running egg_info
[2.603s] writing ../../build/my_robot_controlerr/my_robot_controlerr.egg-info/PKG-INFO
[2.604s] writing dependency_links to ../../build/my_robot_controlerr/my_robot_controlerr.egg-info/dependency_links.txt
[2.604s] writing entry points to ../../build/my_robot_controlerr/my_robot_controlerr.egg-info/entry_points.txt
[2.605s] writing requirements to ../../build/my_robot_controlerr/my_robot_controlerr.egg-info/requires.txt
[2.605s] writing top-level names to ../../build/my_robot_controlerr/my_robot_controlerr.egg-info/top_level.txt
[2.608s] reading manifest file '../../build/my_robot_controlerr/my_robot_controlerr.egg-info/SOURCES.txt'
[2.610s] writing manifest file '../../build/my_robot_controlerr/my_robot_controlerr.egg-info/SOURCES.txt'
[2.610s] running build
[2.610s] running build_py
[2.610s] copying my_robot_controlerr/controller.py -> /home/iro/ros2_ws/build/my_robot_controlerr/build/lib/my_robot_controlerr
[2.611s] copying my_robot_controlerr/my_first_node.py -> /home/iro/ros2_ws/build/my_robot_controlerr/build/lib/my_robot_controlerr
[2.611s] running install
[2.611s] /usr/lib/python3/dist-packages/setuptools/command/install.py:34: SetuptoolsDeprecationWarning: setup.py install is deprecated. Use build and pip and other standards-based tools.
[2.612s]   warnings.warn(
[2.612s] running install_lib
[2.614s] creating /home/iro/ros2_ws/install/my_robot_controlerr/lib/python3.10/site-packages/my_robot_controlerr
[2.614s] copying /home/iro/ros2_ws/build/my_robot_controlerr/build/lib/my_robot_controlerr/__init__.py -> /home/iro/ros2_ws/install/my_robot_controlerr/lib/python3.10/site-packages/my_robot_controlerr
[2.614s] copying /home/iro/ros2_ws/build/my_robot_controlerr/build/lib/my_robot_controlerr/controller.py -> /home/iro/ros2_ws/install/my_robot_controlerr/lib/python3.10/site-packages/my_robot_controlerr
[2.615s] copying /home/iro/ros2_ws/build/my_robot_controlerr/build/lib/my_robot_controlerr/my_first_node.py -> /home/iro/ros2_ws/install/my_robot_controlerr/lib/python3.10/site-packages/my_robot_controlerr
[2.615s] byte-compiling /home/iro/ros2_ws/install/my_robot_controlerr/lib/python3.10/site-packages/my_robot_controlerr/__init__.py to __init__.cpython-310.pyc
[2.615s] byte-compiling /home/iro/ros2_ws/install/my_robot_controlerr/lib/python3.10/site-packages/my_robot_controlerr/controller.py to controller.cpython-310.pyc
[2.616s] byte-compiling /home/iro/ros2_ws/install/my_robot_controlerr/lib/python3.10/site-packages/my_robot_controlerr/my_first_node.py to my_first_node.cpython-310.pyc
[2.617s] running install_data
[2.618s] copying package.xml -> /home/iro/ros2_ws/install/my_robot_controlerr/share/my_robot_controlerr
[2.618s] running install_egg_info
[2.621s] Copying ../../build/my_robot_controlerr/my_robot_controlerr.egg-info to /home/iro/ros2_ws/install/my_robot_controlerr/lib/python3.10/site-packages/my_robot_controlerr-0.0.0-py3.10.egg-info
[2.638s] running install_scripts
[2.675s] Installing controller script to /home/iro/ros2_ws/install/my_robot_controlerr/lib/my_robot_controlerr
[2.676s] Installing test_node script to /home/iro/ros2_ws/install/my_robot_controlerr/lib/my_robot_controlerr
[2.676s] writing list of installed files to '/home/iro/ros2_ws/build/my_robot_controlerr/install.log'
[2.729s] Invoked command in '/home/iro/ros2_ws/src/my_robot_controlerr' returned '0': PYTHONPATH=/home/iro/ros2_ws/build/my_robot_controlerr/prefix_override:/home/iro/ros2_ws/install/my_robot_controlerr/lib/python3.10/site-packages:${PYTHONPATH} /usr/bin/python3 setup.py egg_info --egg-base ../../build/my_robot_controlerr build --build-base /home/iro/ros2_ws/build/my_robot_controlerr/build install --record /home/iro/ros2_ws/build/my_robot_controlerr/install.log --single-version-externally-managed
