[0.975s] DEBUG:colcon:Command line arguments: ['/usr/bin/colcon', 'list', '-p', '--base-paths', '/home/iro/ros2_ws']
[0.975s] DEBUG:colcon:Parsed command line arguments: Namespace(log_base=None, log_level=None, verb_name='list', build_base='build', ignore_user_meta=False, metas=['./colcon.meta'], base_paths=['/home/iro/ros2_ws'], packages_ignore=None, packages_ignore_regex=None, paths=None, packages_up_to=None, packages_up_to_regex=None, packages_above=None, packages_above_and_dependencies=None, packages_above_depth=None, packages_select_by_dep=None, packages_skip_by_dep=None, packages_skip_up_to=None, packages_select_build_failed=False, packages_skip_build_finished=False, packages_select_test_failures=False, packages_skip_test_passed=False, packages_select=None, packages_skip=None, packages_select_regex=None, packages_skip_regex=None, packages_start=None, packages_end=None, allow_overriding=[], topological_order=False, names_only=False, paths_only=True, topological_graph=False, topological_graph_dot=False, topological_graph_density=False, topological_graph_legend=False, topological_graph_dot_cluster=False, topological_graph_dot_include_skipped=False, verb_parser=<colcon_defaults.argument_parser.defaults.DefaultArgumentsDecorator object at 0x7fcea4223bb0>, verb_extension=<colcon_package_information.verb.list.ListVerb object at 0x7fcea4406bc0>, main=<bound method ListVerb.main of <colcon_package_information.verb.list.ListVerb object at 0x7fcea4406bc0>>)
[1.036s] Level 1:colcon.colcon_core.package_discovery:discover_packages(colcon_meta) check parameters
[1.036s] Level 1:colcon.colcon_core.package_discovery:discover_packages(recursive) check parameters
[1.036s] Level 1:colcon.colcon_core.package_discovery:discover_packages(ignore) check parameters
[1.036s] Level 1:colcon.colcon_core.package_discovery:discover_packages(path) check parameters
[1.036s] Level 1:colcon.colcon_core.package_discovery:discover_packages(recursive) discover
[1.036s] INFO:colcon.colcon_core.package_discovery:Crawling recursively for packages in '/home/iro/ros2_ws'
[1.037s] Level 1:colcon.colcon_core.package_identification:_identify(/home/iro/ros2_ws) by extensions ['ignore', 'ignore_ament_install']
[1.037s] Level 1:colcon.colcon_core.package_identification:_identify(/home/iro/ros2_ws) by extension 'ignore'
[1.037s] Level 1:colcon.colcon_core.package_identification:_identify(/home/iro/ros2_ws) by extension 'ignore_ament_install'
[1.037s] Level 1:colcon.colcon_core.package_identification:_identify(/home/iro/ros2_ws) by extensions ['colcon_pkg']
[1.037s] Level 1:colcon.colcon_core.package_identification:_identify(/home/iro/ros2_ws) by extension 'colcon_pkg'
[1.037s] Level 1:colcon.colcon_core.package_identification:_identify(/home/iro/ros2_ws) by extensions ['colcon_meta']
[1.037s] Level 1:colcon.colcon_core.package_identification:_identify(/home/iro/ros2_ws) by extension 'colcon_meta'
[1.038s] Level 1:colcon.colcon_core.package_identification:_identify(/home/iro/ros2_ws) by extensions ['ros']
[1.038s] Level 1:colcon.colcon_core.package_identification:_identify(/home/iro/ros2_ws) by extension 'ros'
[1.065s] Level 1:colcon.colcon_core.package_identification:_identify(/home/iro/ros2_ws) by extensions ['cmake', 'python']
[1.066s] Level 1:colcon.colcon_core.package_identification:_identify(/home/iro/ros2_ws) by extension 'cmake'
[1.066s] Level 1:colcon.colcon_core.package_identification:_identify(/home/iro/ros2_ws) by extension 'python'
[1.066s] Level 1:colcon.colcon_core.package_identification:_identify(/home/iro/ros2_ws) by extensions ['python_setup_py']
[1.066s] Level 1:colcon.colcon_core.package_identification:_identify(/home/iro/ros2_ws) by extension 'python_setup_py'
[1.066s] Level 1:colcon.colcon_core.package_identification:_identify(/home/iro/ros2_ws/build) by extensions ['ignore', 'ignore_ament_install']
[1.067s] Level 1:colcon.colcon_core.package_identification:_identify(/home/iro/ros2_ws/build) by extension 'ignore'
[1.067s] Level 1:colcon.colcon_core.package_identification:_identify(/home/iro/ros2_ws/build) ignored
[1.067s] Level 1:colcon.colcon_core.package_identification:_identify(/home/iro/ros2_ws/install) by extensions ['ignore', 'ignore_ament_install']
[1.067s] Level 1:colcon.colcon_core.package_identification:_identify(/home/iro/ros2_ws/install) by extension 'ignore'
[1.067s] Level 1:colcon.colcon_core.package_identification:_identify(/home/iro/ros2_ws/install) ignored
[1.068s] Level 1:colcon.colcon_core.package_identification:_identify(/home/iro/ros2_ws/log) by extensions ['ignore', 'ignore_ament_install']
[1.068s] Level 1:colcon.colcon_core.package_identification:_identify(/home/iro/ros2_ws/log) by extension 'ignore'
[1.068s] Level 1:colcon.colcon_core.package_identification:_identify(/home/iro/ros2_ws/log) ignored
[1.068s] Level 1:colcon.colcon_core.package_identification:_identify(/home/iro/ros2_ws/src) by extensions ['ignore', 'ignore_ament_install']
[1.068s] Level 1:colcon.colcon_core.package_identification:_identify(/home/iro/ros2_ws/src) by extension 'ignore'
[1.068s] Level 1:colcon.colcon_core.package_identification:_identify(/home/iro/ros2_ws/src) by extension 'ignore_ament_install'
[1.068s] Level 1:colcon.colcon_core.package_identification:_identify(/home/iro/ros2_ws/src) by extensions ['colcon_pkg']
[1.068s] Level 1:colcon.colcon_core.package_identification:_identify(/home/iro/ros2_ws/src) by extension 'colcon_pkg'
[1.069s] Level 1:colcon.colcon_core.package_identification:_identify(/home/iro/ros2_ws/src) by extensions ['colcon_meta']
[1.069s] Level 1:colcon.colcon_core.package_identification:_identify(/home/iro/ros2_ws/src) by extension 'colcon_meta'
[1.069s] Level 1:colcon.colcon_core.package_identification:_identify(/home/iro/ros2_ws/src) by extensions ['ros']
[1.069s] Level 1:colcon.colcon_core.package_identification:_identify(/home/iro/ros2_ws/src) by extension 'ros'
[1.069s] Level 1:colcon.colcon_core.package_identification:_identify(/home/iro/ros2_ws/src) by extensions ['cmake', 'python']
[1.069s] Level 1:colcon.colcon_core.package_identification:_identify(/home/iro/ros2_ws/src) by extension 'cmake'
[1.069s] Level 1:colcon.colcon_core.package_identification:_identify(/home/iro/ros2_ws/src) by extension 'python'
[1.069s] Level 1:colcon.colcon_core.package_identification:_identify(/home/iro/ros2_ws/src) by extensions ['python_setup_py']
[1.069s] Level 1:colcon.colcon_core.package_identification:_identify(/home/iro/ros2_ws/src) by extension 'python_setup_py'
[1.070s] Level 1:colcon.colcon_core.package_identification:_identify(/home/iro/ros2_ws/src/my_robot_controlerr) by extensions ['ignore', 'ignore_ament_install']
[1.070s] Level 1:colcon.colcon_core.package_identification:_identify(/home/iro/ros2_ws/src/my_robot_controlerr) by extension 'ignore'
[1.070s] Level 1:colcon.colcon_core.package_identification:_identify(/home/iro/ros2_ws/src/my_robot_controlerr) by extension 'ignore_ament_install'
[1.070s] Level 1:colcon.colcon_core.package_identification:_identify(/home/iro/ros2_ws/src/my_robot_controlerr) by extensions ['colcon_pkg']
[1.070s] Level 1:colcon.colcon_core.package_identification:_identify(/home/iro/ros2_ws/src/my_robot_controlerr) by extension 'colcon_pkg'
[1.070s] Level 1:colcon.colcon_core.package_identification:_identify(/home/iro/ros2_ws/src/my_robot_controlerr) by extensions ['colcon_meta']
[1.070s] Level 1:colcon.colcon_core.package_identification:_identify(/home/iro/ros2_ws/src/my_robot_controlerr) by extension 'colcon_meta'
[1.070s] Level 1:colcon.colcon_core.package_identification:_identify(/home/iro/ros2_ws/src/my_robot_controlerr) by extensions ['ros']
[1.070s] Level 1:colcon.colcon_core.package_identification:_identify(/home/iro/ros2_ws/src/my_robot_controlerr) by extension 'ros'
[1.073s] DEBUG:colcon.colcon_core.package_identification:Failed to parse potential ROS package manifest in'/home/iro/ros2_ws/src/my_robot_controlerr': Error(s) in package '/home/iro/ros2_ws/src/my_robot_controlerr/package.xml':
The manifest contains invalid XML:
mismatched tag: line 11, column 26
[1.074s] Level 1:colcon.colcon_core.package_identification:_identify(/home/iro/ros2_ws/src/my_robot_controlerr) by extensions ['cmake', 'python']
[1.074s] Level 1:colcon.colcon_core.package_identification:_identify(/home/iro/ros2_ws/src/my_robot_controlerr) by extension 'cmake'
[1.074s] Level 1:colcon.colcon_core.package_identification:_identify(/home/iro/ros2_ws/src/my_robot_controlerr) by extension 'python'
[1.074s] DEBUG:colcon.colcon_core.package_identification:Python package in '/home/iro/ros2_ws/src/my_robot_controlerr' passes arguments to the setup() function which requires a different identification extension than 'python'
[1.074s] Level 1:colcon.colcon_core.package_identification:_identify(/home/iro/ros2_ws/src/my_robot_controlerr) by extensions ['python_setup_py']
[1.074s] Level 1:colcon.colcon_core.package_identification:_identify(/home/iro/ros2_ws/src/my_robot_controlerr) by extension 'python_setup_py'
[2.149s] DEBUG:colcon.colcon_core.package_identification:Package '/home/iro/ros2_ws/src/my_robot_controlerr' with type 'python' and name 'my_robot_controlerr'
[2.149s] Level 1:colcon.colcon_core.package_identification:_identify(/home/iro/ros2_ws/src/our_controller) by extensions ['ignore', 'ignore_ament_install']
[2.149s] Level 1:colcon.colcon_core.package_identification:_identify(/home/iro/ros2_ws/src/our_controller) by extension 'ignore'
[2.149s] Level 1:colcon.colcon_core.package_identification:_identify(/home/iro/ros2_ws/src/our_controller) by extension 'ignore_ament_install'
[2.150s] Level 1:colcon.colcon_core.package_identification:_identify(/home/iro/ros2_ws/src/our_controller) by extensions ['colcon_pkg']
[2.150s] Level 1:colcon.colcon_core.package_identification:_identify(/home/iro/ros2_ws/src/our_controller) by extension 'colcon_pkg'
[2.150s] Level 1:colcon.colcon_core.package_identification:_identify(/home/iro/ros2_ws/src/our_controller) by extensions ['colcon_meta']
[2.150s] Level 1:colcon.colcon_core.package_identification:_identify(/home/iro/ros2_ws/src/our_controller) by extension 'colcon_meta'
[2.150s] Level 1:colcon.colcon_core.package_identification:_identify(/home/iro/ros2_ws/src/our_controller) by extensions ['ros']
[2.150s] Level 1:colcon.colcon_core.package_identification:_identify(/home/iro/ros2_ws/src/our_controller) by extension 'ros'
[2.164s] DEBUG:colcon.colcon_core.package_identification:Package '/home/iro/ros2_ws/src/our_controller' with type 'ros.ament_python' and name 'our_controller'
[2.165s] Level 1:colcon.colcon_core.package_discovery:discover_packages(recursive) using defaults
