[3.542s] Invoking command in '/home/iro/ros2_ws/build/our_controller': PYTHONPATH=/home/iro/ros2_ws/build/our_controller/prefix_override:/home/iro/ros2_ws/install/our_controller/lib/python3.10/site-packages:${PYTHONPATH} /usr/bin/python3 setup.py develop --editable --build-directory /home/iro/ros2_ws/build/our_controller/build --no-deps install_data
[4.733s] running develop
[4.734s] /usr/lib/python3/dist-packages/setuptools/command/easy_install.py:158: EasyInstallDeprecationWarning: easy_install command is deprecated. Use build and pip and other standards-based tools.
[4.734s]   warnings.warn(
[4.742s] /usr/lib/python3/dist-packages/setuptools/command/install.py:34: SetuptoolsDeprecationWarning: setup.py install is deprecated. Use build and pip and other standards-based tools.
[4.746s]   warnings.warn(
[5.010s] /usr/lib/python3/dist-packages/pkg_resources/__init__.py:116: PkgResourcesDeprecationWarning: 1.1build1 is an invalid version and will not be supported in a future release
[5.011s]   warnings.warn(
[5.014s] /usr/lib/python3/dist-packages/pkg_resources/__init__.py:116: PkgResourcesDeprecationWarning: 0.1.43ubuntu1 is an invalid version and will not be supported in a future release
[5.015s]   warnings.warn(
[5.404s] running egg_info
[5.405s] writing our_controller.egg-info/PKG-INFO
[5.406s] writing dependency_links to our_controller.egg-info/dependency_links.txt
[5.453s] writing entry points to our_controller.egg-info/entry_points.txt
[5.454s] writing requirements to our_controller.egg-info/requires.txt
[5.454s] writing top-level names to our_controller.egg-info/top_level.txt
[5.458s] reading manifest file 'our_controller.egg-info/SOURCES.txt'
[5.460s] writing manifest file 'our_controller.egg-info/SOURCES.txt'
[5.462s] running build_ext
[5.463s] Creating /home/iro/ros2_ws/install/our_controller/lib/python3.10/site-packages/our-controller.egg-link (link to .)
[5.470s] Installing control script to /home/iro/ros2_ws/install/our_controller/lib/our_controller
[5.471s] Installing test_node script to /home/iro/ros2_ws/install/our_controller/lib/our_controller
[5.471s] 
[5.472s] Installed /home/iro/ros2_ws/build/our_controller
[5.472s] running install_data
[5.590s] Invoked command in '/home/iro/ros2_ws/build/our_controller' returned '0': PYTHONPATH=/home/iro/ros2_ws/build/our_controller/prefix_override:/home/iro/ros2_ws/install/our_controller/lib/python3.10/site-packages:${PYTHONPATH} /usr/bin/python3 setup.py develop --editable --build-directory /home/iro/ros2_ws/build/our_controller/build --no-deps install_data
