[1.990s] Invoking command in '/home/iro/ros2_ws/build/my_robot_controlerr': PYTHONPATH=/home/iro/ros2_ws/build/my_robot_controlerr/prefix_override:/home/iro/ros2_ws/install/my_robot_controlerr/lib/python3.10/site-packages:${PYTHONPATH} /usr/bin/python3 setup.py develop --uninstall --editable --build-directory /home/iro/ros2_ws/build/my_robot_controlerr/build
[2.526s] running develop
[2.536s] /usr/lib/python3/dist-packages/setuptools/command/easy_install.py:158: EasyInstallDeprecationWarning: easy_install command is deprecated. Use build and pip and other standards-based tools.
[2.536s]   warnings.warn(
[2.540s] /usr/lib/python3/dist-packages/setuptools/command/install.py:34: SetuptoolsDeprecationWarning: setup.py install is deprecated. Use build and pip and other standards-based tools.
[2.540s]   warnings.warn(
[2.731s] /usr/lib/python3/dist-packages/pkg_resources/__init__.py:116: PkgResourcesDeprecationWarning: 1.1build1 is an invalid version and will not be supported in a future release
[2.731s]   warnings.warn(
[2.732s] /usr/lib/python3/dist-packages/pkg_resources/__init__.py:116: PkgResourcesDeprecationWarning: 0.1.43ubuntu1 is an invalid version and will not be supported in a future release
[2.733s]   warnings.warn(
[2.991s] Invoked command in '/home/iro/ros2_ws/build/my_robot_controlerr' returned '0': PYTHONPATH=/home/iro/ros2_ws/build/my_robot_controlerr/prefix_override:/home/iro/ros2_ws/install/my_robot_controlerr/lib/python3.10/site-packages:${PYTHONPATH} /usr/bin/python3 setup.py develop --uninstall --editable --build-directory /home/iro/ros2_ws/build/my_robot_controlerr/build
[2.994s] Invoking command in '/home/iro/ros2_ws/src/my_robot_controlerr': PYTHONPATH=/home/iro/ros2_ws/build/my_robot_controlerr/prefix_override:/home/iro/ros2_ws/install/my_robot_controlerr/lib/python3.10/site-packages:${PYTHONPATH} /usr/bin/python3 setup.py egg_info --egg-base ../../build/my_robot_controlerr build --build-base /home/iro/ros2_ws/build/my_robot_controlerr/build install --record /home/iro/ros2_ws/build/my_robot_controlerr/install.log --single-version-externally-managed
[3.441s] running egg_info
[3.443s] writing ../../build/my_robot_controlerr/my_robot_controlerr.egg-info/PKG-INFO
[3.456s] writing dependency_links to ../../build/my_robot_controlerr/my_robot_controlerr.egg-info/dependency_links.txt
[3.457s] writing entry points to ../../build/my_robot_controlerr/my_robot_controlerr.egg-info/entry_points.txt
[3.457s] writing requirements to ../../build/my_robot_controlerr/my_robot_controlerr.egg-info/requires.txt
[3.457s] writing top-level names to ../../build/my_robot_controlerr/my_robot_controlerr.egg-info/top_level.txt
[3.461s] reading manifest file '../../build/my_robot_controlerr/my_robot_controlerr.egg-info/SOURCES.txt'
[3.467s] writing manifest file '../../build/my_robot_controlerr/my_robot_controlerr.egg-info/SOURCES.txt'
[3.468s] running build
[3.468s] running build_py
[3.475s] running install
[3.475s] /usr/lib/python3/dist-packages/setuptools/command/install.py:34: SetuptoolsDeprecationWarning: setup.py install is deprecated. Use build and pip and other standards-based tools.
[3.475s]   warnings.warn(
[3.475s] running install_lib
[3.477s] running install_data
[3.479s] running install_egg_info
[3.482s] removing '/home/iro/ros2_ws/install/my_robot_controlerr/lib/python3.10/site-packages/my_robot_controlerr-0.0.0-py3.10.egg-info' (and everything under it)
[3.483s] Copying ../../build/my_robot_controlerr/my_robot_controlerr.egg-info to /home/iro/ros2_ws/install/my_robot_controlerr/lib/python3.10/site-packages/my_robot_controlerr-0.0.0-py3.10.egg-info
[3.507s] running install_scripts
[3.546s] Installing controller script to /home/iro/ros2_ws/install/my_robot_controlerr/lib/my_robot_controlerr
[3.546s] Installing test_node script to /home/iro/ros2_ws/install/my_robot_controlerr/lib/my_robot_controlerr
[3.547s] writing list of installed files to '/home/iro/ros2_ws/build/my_robot_controlerr/install.log'
[3.595s] Invoked command in '/home/iro/ros2_ws/src/my_robot_controlerr' returned '0': PYTHONPATH=/home/iro/ros2_ws/build/my_robot_controlerr/prefix_override:/home/iro/ros2_ws/install/my_robot_controlerr/lib/python3.10/site-packages:${PYTHONPATH} /usr/bin/python3 setup.py egg_info --egg-base ../../build/my_robot_controlerr build --build-base /home/iro/ros2_ws/build/my_robot_controlerr/build install --record /home/iro/ros2_ws/build/my_robot_controlerr/install.log --single-version-externally-managed
