running egg_info
creating ../../build/my_robot_controlerr/my_robot_controlerr.egg-info
writing ../../build/my_robot_controlerr/my_robot_controlerr.egg-info/PKG-INFO
writing dependency_links to ../../build/my_robot_controlerr/my_robot_controlerr.egg-info/dependency_links.txt
writing entry points to ../../build/my_robot_controlerr/my_robot_controlerr.egg-info/entry_points.txt
writing requirements to ../../build/my_robot_controlerr/my_robot_controlerr.egg-info/requires.txt
writing top-level names to ../../build/my_robot_controlerr/my_robot_controlerr.egg-info/top_level.txt
writing manifest file '../../build/my_robot_controlerr/my_robot_controlerr.egg-info/SOURCES.txt'
reading manifest file '../../build/my_robot_controlerr/my_robot_controlerr.egg-info/SOURCES.txt'
writing manifest file '../../build/my_robot_controlerr/my_robot_controlerr.egg-info/SOURCES.txt'
running build
running build_py
creating /home/iro/ros2_ws/build/my_robot_controlerr/build
creating /home/iro/ros2_ws/build/my_robot_controlerr/build/lib
creating /home/iro/ros2_ws/build/my_robot_controlerr/build/lib/my_robot_controlerr
copying my_robot_controlerr/__init__.py -> /home/iro/ros2_ws/build/my_robot_controlerr/build/lib/my_robot_controlerr
running install
running install_lib
creating /home/iro/ros2_ws/install/my_robot_controlerr/lib/python3.10/site-packages/my_robot_controlerr
copying /home/iro/ros2_ws/build/my_robot_controlerr/build/lib/my_robot_controlerr/__init__.py -> /home/iro/ros2_ws/install/my_robot_controlerr/lib/python3.10/site-packages/my_robot_controlerr
byte-compiling /home/iro/ros2_ws/install/my_robot_controlerr/lib/python3.10/site-packages/my_robot_controlerr/__init__.py to __init__.cpython-310.pyc
running install_data
creating /home/iro/ros2_ws/install/my_robot_controlerr/share/ament_index
creating /home/iro/ros2_ws/install/my_robot_controlerr/share/ament_index/resource_index
creating /home/iro/ros2_ws/install/my_robot_controlerr/share/ament_index/resource_index/packages
copying resource/my_robot_controlerr -> /home/iro/ros2_ws/install/my_robot_controlerr/share/ament_index/resource_index/packages
copying package.xml -> /home/iro/ros2_ws/install/my_robot_controlerr/share/my_robot_controlerr
running install_egg_info
Copying ../../build/my_robot_controlerr/my_robot_controlerr.egg-info to /home/iro/ros2_ws/install/my_robot_controlerr/lib/python3.10/site-packages/my_robot_controlerr-0.0.0-py3.10.egg-info
running install_scripts
writing list of installed files to '/home/iro/ros2_ws/build/my_robot_controlerr/install.log'
