[3.464s] Invoking command in '/home/iro/ros2_ws/build/my_robot_controlerr': PYTHONPATH=/home/iro/ros2_ws/build/my_robot_controlerr/prefix_override:/home/iro/ros2_ws/install/my_robot_controlerr/lib/python3.10/site-packages:${PYTHONPATH} /usr/bin/python3 setup.py develop --editable --build-directory /home/iro/ros2_ws/build/my_robot_controlerr/build --no-deps install_data
[4.715s] running develop
[4.729s] /usr/lib/python3/dist-packages/setuptools/command/easy_install.py:158: EasyInstallDeprecationWarning: easy_install command is deprecated. Use build and pip and other standards-based tools.
[4.730s]   warnings.warn(
[4.739s] /usr/lib/python3/dist-packages/setuptools/command/install.py:34: SetuptoolsDeprecationWarning: setup.py install is deprecated. Use build and pip and other standards-based tools.
[4.739s]   warnings.warn(
[5.011s] /usr/lib/python3/dist-packages/pkg_resources/__init__.py:116: PkgResourcesDeprecationWarning: 1.1build1 is an invalid version and will not be supported in a future release
[5.011s]   warnings.warn(
[5.015s] /usr/lib/python3/dist-packages/pkg_resources/__init__.py:116: PkgResourcesDeprecationWarning: 0.1.43ubuntu1 is an invalid version and will not be supported in a future release
[5.015s]   warnings.warn(
[5.497s] running egg_info
[5.497s] writing my_robot_controlerr.egg-info/PKG-INFO
[5.497s] writing dependency_links to my_robot_controlerr.egg-info/dependency_links.txt
[5.498s] writing entry points to my_robot_controlerr.egg-info/entry_points.txt
[5.498s] writing requirements to my_robot_controlerr.egg-info/requires.txt
[5.498s] writing top-level names to my_robot_controlerr.egg-info/top_level.txt
[5.500s] reading manifest file 'my_robot_controlerr.egg-info/SOURCES.txt'
[5.504s] writing manifest file 'my_robot_controlerr.egg-info/SOURCES.txt'
[5.507s] running build_ext
[5.509s] Creating /home/iro/ros2_ws/install/my_robot_controlerr/lib/python3.10/site-packages/my-robot-controlerr.egg-link (link to .)
[5.515s] Installing controller script to /home/iro/ros2_ws/install/my_robot_controlerr/lib/my_robot_controlerr
[5.516s] Installing test_node script to /home/iro/ros2_ws/install/my_robot_controlerr/lib/my_robot_controlerr
[5.517s] 
[5.523s] Installed /home/iro/ros2_ws/build/my_robot_controlerr
[5.524s] running install_data
[5.524s] copying package.xml -> /home/iro/ros2_ws/install/my_robot_controlerr/share/my_robot_controlerr
[5.647s] Invoked command in '/home/iro/ros2_ws/build/my_robot_controlerr' returned '0': PYTHONPATH=/home/iro/ros2_ws/build/my_robot_controlerr/prefix_override:/home/iro/ros2_ws/install/my_robot_controlerr/lib/python3.10/site-packages:${PYTHONPATH} /usr/bin/python3 setup.py develop --editable --build-directory /home/iro/ros2_ws/build/my_robot_controlerr/build --no-deps install_data
