[1.257s] DEBUG:colcon:Command line arguments: ['/usr/bin/colcon', 'build']
[1.257s] DEBUG:colcon:Parsed command line arguments: Namespace(log_base=None, log_level=None, verb_name='build', build_base='build', install_base='install', merge_install=False, symlink_install=False, test_result_base=None, continue_on_error=False, executor='parallel', parallel_workers=2, event_handlers=None, ignore_user_meta=False, metas=['./colcon.meta'], base_paths=['.'], packages_ignore=None, packages_ignore_regex=None, paths=None, packages_up_to=None, packages_up_to_regex=None, packages_above=None, packages_above_and_dependencies=None, packages_above_depth=None, packages_select_by_dep=None, packages_skip_by_dep=None, packages_skip_up_to=None, packages_select_build_failed=False, packages_skip_build_finished=False, packages_select_test_failures=False, packages_skip_test_passed=False, packages_select=None, packages_skip=None, packages_select_regex=None, packages_skip_regex=None, packages_start=None, packages_end=None, allow_overriding=[], cmake_args=None, cmake_target=None, cmake_target_skip_unavailable=False, cmake_clean_cache=False, cmake_clean_first=False, cmake_force_configure=False, ament_cmake_args=None, catkin_cmake_args=None, catkin_skip_building_tests=False, verb_parser=<colcon_defaults.argument_parser.defaults.DefaultArgumentsDecorator object at 0x7ffac72e2e90>, verb_extension=<colcon_core.verb.build.BuildVerb object at 0x7ffac748beb0>, main=<bound method BuildVerb.main of <colcon_core.verb.build.BuildVerb object at 0x7ffac748beb0>>)
[1.359s] Level 1:colcon.colcon_core.package_discovery:discover_packages(colcon_meta) check parameters
[1.360s] Level 1:colcon.colcon_core.package_discovery:discover_packages(recursive) check parameters
[1.360s] Level 1:colcon.colcon_core.package_discovery:discover_packages(ignore) check parameters
[1.360s] Level 1:colcon.colcon_core.package_discovery:discover_packages(path) check parameters
[1.360s] Level 1:colcon.colcon_core.package_discovery:discover_packages(colcon_meta) discover
[1.360s] Level 1:colcon.colcon_core.package_discovery:discover_packages(recursive) discover
[1.360s] INFO:colcon.colcon_core.package_discovery:Crawling recursively for packages in '/home/iro/ros2_ws'
[1.361s] Level 1:colcon.colcon_core.package_identification:_identify(.) by extensions ['ignore', 'ignore_ament_install']
[1.361s] Level 1:colcon.colcon_core.package_identification:_identify(.) by extension 'ignore'
[1.361s] Level 1:colcon.colcon_core.package_identification:_identify(.) by extension 'ignore_ament_install'
[1.362s] Level 1:colcon.colcon_core.package_identification:_identify(.) by extensions ['colcon_pkg']
[1.362s] Level 1:colcon.colcon_core.package_identification:_identify(.) by extension 'colcon_pkg'
[1.362s] Level 1:colcon.colcon_core.package_identification:_identify(.) by extensions ['colcon_meta']
[1.362s] Level 1:colcon.colcon_core.package_identification:_identify(.) by extension 'colcon_meta'
[1.362s] Level 1:colcon.colcon_core.package_identification:_identify(.) by extensions ['ros']
[1.362s] Level 1:colcon.colcon_core.package_identification:_identify(.) by extension 'ros'
[1.428s] Level 1:colcon.colcon_core.package_identification:_identify(.) by extensions ['cmake', 'python']
[1.428s] Level 1:colcon.colcon_core.package_identification:_identify(.) by extension 'cmake'
[1.429s] Level 1:colcon.colcon_core.package_identification:_identify(.) by extension 'python'
[1.429s] Level 1:colcon.colcon_core.package_identification:_identify(.) by extensions ['python_setup_py']
[1.429s] Level 1:colcon.colcon_core.package_identification:_identify(.) by extension 'python_setup_py'
[1.429s] Level 1:colcon.colcon_core.package_identification:_identify(build) by extensions ['ignore', 'ignore_ament_install']
[1.430s] Level 1:colcon.colcon_core.package_identification:_identify(build) by extension 'ignore'
[1.430s] Level 1:colcon.colcon_core.package_identification:_identify(build) ignored
[1.430s] Level 1:colcon.colcon_core.package_identification:_identify(install) by extensions ['ignore', 'ignore_ament_install']
[1.431s] Level 1:colcon.colcon_core.package_identification:_identify(install) by extension 'ignore'
[1.431s] Level 1:colcon.colcon_core.package_identification:_identify(install) ignored
[1.431s] Level 1:colcon.colcon_core.package_identification:_identify(log) by extensions ['ignore', 'ignore_ament_install']
[1.432s] Level 1:colcon.colcon_core.package_identification:_identify(log) by extension 'ignore'
[1.432s] Level 1:colcon.colcon_core.package_identification:_identify(log) ignored
[1.432s] Level 1:colcon.colcon_core.package_identification:_identify(src) by extensions ['ignore', 'ignore_ament_install']
[1.432s] Level 1:colcon.colcon_core.package_identification:_identify(src) by extension 'ignore'
[1.433s] Level 1:colcon.colcon_core.package_identification:_identify(src) by extension 'ignore_ament_install'
[1.433s] Level 1:colcon.colcon_core.package_identification:_identify(src) by extensions ['colcon_pkg']
[1.433s] Level 1:colcon.colcon_core.package_identification:_identify(src) by extension 'colcon_pkg'
[1.433s] Level 1:colcon.colcon_core.package_identification:_identify(src) by extensions ['colcon_meta']
[1.433s] Level 1:colcon.colcon_core.package_identification:_identify(src) by extension 'colcon_meta'
[1.433s] Level 1:colcon.colcon_core.package_identification:_identify(src) by extensions ['ros']
[1.434s] Level 1:colcon.colcon_core.package_identification:_identify(src) by extension 'ros'
[1.434s] Level 1:colcon.colcon_core.package_identification:_identify(src) by extensions ['cmake', 'python']
[1.434s] Level 1:colcon.colcon_core.package_identification:_identify(src) by extension 'cmake'
[1.434s] Level 1:colcon.colcon_core.package_identification:_identify(src) by extension 'python'
[1.434s] Level 1:colcon.colcon_core.package_identification:_identify(src) by extensions ['python_setup_py']
[1.434s] Level 1:colcon.colcon_core.package_identification:_identify(src) by extension 'python_setup_py'
[1.434s] Level 1:colcon.colcon_core.package_identification:_identify(src/my_robot_controlerr) by extensions ['ignore', 'ignore_ament_install']
[1.435s] Level 1:colcon.colcon_core.package_identification:_identify(src/my_robot_controlerr) by extension 'ignore'
[1.435s] Level 1:colcon.colcon_core.package_identification:_identify(src/my_robot_controlerr) by extension 'ignore_ament_install'
[1.435s] Level 1:colcon.colcon_core.package_identification:_identify(src/my_robot_controlerr) by extensions ['colcon_pkg']
[1.435s] Level 1:colcon.colcon_core.package_identification:_identify(src/my_robot_controlerr) by extension 'colcon_pkg'
[1.435s] Level 1:colcon.colcon_core.package_identification:_identify(src/my_robot_controlerr) by extensions ['colcon_meta']
[1.435s] Level 1:colcon.colcon_core.package_identification:_identify(src/my_robot_controlerr) by extension 'colcon_meta'
[1.435s] Level 1:colcon.colcon_core.package_identification:_identify(src/my_robot_controlerr) by extensions ['ros']
[1.435s] Level 1:colcon.colcon_core.package_identification:_identify(src/my_robot_controlerr) by extension 'ros'
[1.438s] DEBUG:colcon.colcon_core.package_identification:Failed to parse potential ROS package manifest in'src/my_robot_controlerr': Error(s) in package 'src/my_robot_controlerr/package.xml':
The manifest contains invalid XML:
mismatched tag: line 11, column 26
[1.438s] Level 1:colcon.colcon_core.package_identification:_identify(src/my_robot_controlerr) by extensions ['cmake', 'python']
[1.438s] Level 1:colcon.colcon_core.package_identification:_identify(src/my_robot_controlerr) by extension 'cmake'
[1.438s] Level 1:colcon.colcon_core.package_identification:_identify(src/my_robot_controlerr) by extension 'python'
[1.439s] DEBUG:colcon.colcon_core.package_identification:Python package in 'src/my_robot_controlerr' passes arguments to the setup() function which requires a different identification extension than 'python'
[1.439s] Level 1:colcon.colcon_core.package_identification:_identify(src/my_robot_controlerr) by extensions ['python_setup_py']
[1.439s] Level 1:colcon.colcon_core.package_identification:_identify(src/my_robot_controlerr) by extension 'python_setup_py'
[2.292s] DEBUG:colcon.colcon_core.package_identification:Package 'src/my_robot_controlerr' with type 'python' and name 'my_robot_controlerr'
[2.293s] Level 1:colcon.colcon_core.package_identification:_identify(src/our_controller) by extensions ['ignore', 'ignore_ament_install']
[2.293s] Level 1:colcon.colcon_core.package_identification:_identify(src/our_controller) by extension 'ignore'
[2.293s] Level 1:colcon.colcon_core.package_identification:_identify(src/our_controller) by extension 'ignore_ament_install'
[2.293s] Level 1:colcon.colcon_core.package_identification:_identify(src/our_controller) by extensions ['colcon_pkg']
[2.294s] Level 1:colcon.colcon_core.package_identification:_identify(src/our_controller) by extension 'colcon_pkg'
[2.294s] Level 1:colcon.colcon_core.package_identification:_identify(src/our_controller) by extensions ['colcon_meta']
[2.294s] Level 1:colcon.colcon_core.package_identification:_identify(src/our_controller) by extension 'colcon_meta'
[2.294s] Level 1:colcon.colcon_core.package_identification:_identify(src/our_controller) by extensions ['ros']
[2.294s] Level 1:colcon.colcon_core.package_identification:_identify(src/our_controller) by extension 'ros'
[2.302s] DEBUG:colcon.colcon_core.package_identification:Package 'src/our_controller' with type 'ros.ament_python' and name 'our_controller'
[2.302s] Level 1:colcon.colcon_core.package_discovery:discover_packages(recursive) using defaults
[2.303s] Level 1:colcon.colcon_core.package_discovery:discover_packages(ignore) discover
[2.303s] Level 1:colcon.colcon_core.package_discovery:discover_packages(ignore) using defaults
[2.303s] Level 1:colcon.colcon_core.package_discovery:discover_packages(path) discover
[2.304s] Level 1:colcon.colcon_core.package_discovery:discover_packages(path) using defaults
[2.434s] Level 1:colcon.colcon_core.package_discovery:discover_packages(prefix_path) check parameters
[2.434s] Level 1:colcon.colcon_core.package_discovery:discover_packages(prefix_path) discover
[2.460s] DEBUG:colcon.colcon_installed_package_information.package_discovery:Found 2 installed packages in /home/iro/ros2_ws/install
[2.469s] DEBUG:colcon.colcon_installed_package_information.package_discovery:Found 287 installed packages in /opt/ros/humble
[2.473s] Level 1:colcon.colcon_core.package_discovery:discover_packages(prefix_path) using defaults
[2.709s] Level 5:colcon.colcon_core.verb:set package 'my_robot_controlerr' build argument 'cmake_args' from command line to 'None'
[2.710s] Level 5:colcon.colcon_core.verb:set package 'my_robot_controlerr' build argument 'cmake_target' from command line to 'None'
[2.710s] Level 5:colcon.colcon_core.verb:set package 'my_robot_controlerr' build argument 'cmake_target_skip_unavailable' from command line to 'False'
[2.710s] Level 5:colcon.colcon_core.verb:set package 'my_robot_controlerr' build argument 'cmake_clean_cache' from command line to 'False'
[2.710s] Level 5:colcon.colcon_core.verb:set package 'my_robot_controlerr' build argument 'cmake_clean_first' from command line to 'False'
[2.710s] Level 5:colcon.colcon_core.verb:set package 'my_robot_controlerr' build argument 'cmake_force_configure' from command line to 'False'
[2.710s] Level 5:colcon.colcon_core.verb:set package 'my_robot_controlerr' build argument 'ament_cmake_args' from command line to 'None'
[2.710s] Level 5:colcon.colcon_core.verb:set package 'my_robot_controlerr' build argument 'catkin_cmake_args' from command line to 'None'
[2.710s] Level 5:colcon.colcon_core.verb:set package 'my_robot_controlerr' build argument 'catkin_skip_building_tests' from command line to 'False'
[2.710s] DEBUG:colcon.colcon_core.verb:Building package 'my_robot_controlerr' with the following arguments: {'ament_cmake_args': None, 'build_base': '/home/iro/ros2_ws/build/my_robot_controlerr', 'catkin_cmake_args': None, 'catkin_skip_building_tests': False, 'cmake_args': None, 'cmake_clean_cache': False, 'cmake_clean_first': False, 'cmake_force_configure': False, 'cmake_target': None, 'cmake_target_skip_unavailable': False, 'install_base': '/home/iro/ros2_ws/install/my_robot_controlerr', 'merge_install': False, 'path': '/home/iro/ros2_ws/src/my_robot_controlerr', 'symlink_install': False, 'test_result_base': None}
[2.713s] Level 5:colcon.colcon_core.verb:set package 'our_controller' build argument 'cmake_args' from command line to 'None'
[2.713s] Level 5:colcon.colcon_core.verb:set package 'our_controller' build argument 'cmake_target' from command line to 'None'
[2.713s] Level 5:colcon.colcon_core.verb:set package 'our_controller' build argument 'cmake_target_skip_unavailable' from command line to 'False'
[2.713s] Level 5:colcon.colcon_core.verb:set package 'our_controller' build argument 'cmake_clean_cache' from command line to 'False'
[2.713s] Level 5:colcon.colcon_core.verb:set package 'our_controller' build argument 'cmake_clean_first' from command line to 'False'
[2.713s] Level 5:colcon.colcon_core.verb:set package 'our_controller' build argument 'cmake_force_configure' from command line to 'False'
[2.713s] Level 5:colcon.colcon_core.verb:set package 'our_controller' build argument 'ament_cmake_args' from command line to 'None'
[2.713s] Level 5:colcon.colcon_core.verb:set package 'our_controller' build argument 'catkin_cmake_args' from command line to 'None'
[2.713s] Level 5:colcon.colcon_core.verb:set package 'our_controller' build argument 'catkin_skip_building_tests' from command line to 'False'
[2.713s] DEBUG:colcon.colcon_core.verb:Building package 'our_controller' with the following arguments: {'ament_cmake_args': None, 'build_base': '/home/iro/ros2_ws/build/our_controller', 'catkin_cmake_args': None, 'catkin_skip_building_tests': False, 'cmake_args': None, 'cmake_clean_cache': False, 'cmake_clean_first': False, 'cmake_force_configure': False, 'cmake_target': None, 'cmake_target_skip_unavailable': False, 'install_base': '/home/iro/ros2_ws/install/our_controller', 'merge_install': False, 'path': '/home/iro/ros2_ws/src/our_controller', 'symlink_install': False, 'test_result_base': None}
[2.716s] INFO:colcon.colcon_core.executor:Executing jobs using 'parallel' executor
[2.729s] DEBUG:colcon.colcon_parallel_executor.executor.parallel:run_until_complete
[2.730s] INFO:colcon.colcon_core.task.python.build:Building Python package in '/home/iro/ros2_ws/src/my_robot_controlerr'
[2.857s] INFO:colcon.colcon_core.plugin_system:Skipping extension 'colcon_core.shell.bat': Not used on non-Windows systems
[2.858s] INFO:colcon.colcon_core.shell:Skip shell extension 'powershell' for command environment: Not usable outside of PowerShell
[2.858s] DEBUG:colcon.colcon_core.shell:Skip shell extension 'dsv' for command environment
[2.905s] INFO:colcon.colcon_ros.task.ament_python.build:Building ROS package in '/home/iro/ros2_ws/src/our_controller' with build type 'ament_python'
[2.906s] Level 1:colcon.colcon_core.shell:create_environment_hook('our_controller', 'ament_prefix_path')
[2.911s] INFO:colcon.colcon_core.shell:Creating environment hook '/home/iro/ros2_ws/install/our_controller/share/our_controller/hook/ament_prefix_path.ps1'
[2.952s] INFO:colcon.colcon_core.shell:Creating environment descriptor '/home/iro/ros2_ws/install/our_controller/share/our_controller/hook/ament_prefix_path.dsv'
[2.955s] INFO:colcon.colcon_core.shell:Creating environment hook '/home/iro/ros2_ws/install/our_controller/share/our_controller/hook/ament_prefix_path.sh'
[2.961s] INFO:colcon.colcon_core.shell:Skip shell extension 'powershell' for command environment: Not usable outside of PowerShell
[2.961s] DEBUG:colcon.colcon_core.shell:Skip shell extension 'dsv' for command environment
[5.275s] INFO:colcon.colcon_core.task.python.build:Building Python package in '/home/iro/ros2_ws/src/our_controller'
[5.280s] INFO:colcon.colcon_core.shell:Skip shell extension 'powershell' for command environment: Not usable outside of PowerShell
[5.282s] DEBUG:colcon.colcon_core.shell:Skip shell extension 'dsv' for command environment
[7.463s] DEBUG:colcon.colcon_core.event_handler.log_command:Invoking command in '/home/iro/ros2_ws/build/our_controller': PYTHONPATH=/home/iro/ros2_ws/build/our_controller/prefix_override:/home/iro/ros2_ws/install/our_controller/lib/python3.10/site-packages:${PYTHONPATH} /usr/bin/python3 setup.py develop --uninstall --editable --build-directory /home/iro/ros2_ws/build/our_controller/build
[7.536s] DEBUG:colcon.colcon_core.event_handler.log_command:Invoking command in '/home/iro/ros2_ws/build/my_robot_controlerr': PYTHONPATH=/home/iro/ros2_ws/build/my_robot_controlerr/prefix_override:/home/iro/ros2_ws/install/my_robot_controlerr/lib/python3.10/site-packages:${PYTHONPATH} /usr/bin/python3 setup.py develop --uninstall --editable --build-directory /home/iro/ros2_ws/build/my_robot_controlerr/build
[9.749s] DEBUG:colcon.colcon_core.event_handler.log_command:Invoked command in '/home/iro/ros2_ws/build/our_controller' returned '0': PYTHONPATH=/home/iro/ros2_ws/build/our_controller/prefix_override:/home/iro/ros2_ws/install/our_controller/lib/python3.10/site-packages:${PYTHONPATH} /usr/bin/python3 setup.py develop --uninstall --editable --build-directory /home/iro/ros2_ws/build/our_controller/build
[9.753s] DEBUG:colcon.colcon_core.event_handler.log_command:Invoking command in '/home/iro/ros2_ws/src/our_controller': PYTHONPATH=/home/iro/ros2_ws/build/our_controller/prefix_override:/home/iro/ros2_ws/install/our_controller/lib/python3.10/site-packages:${PYTHONPATH} /usr/bin/python3 setup.py egg_info --egg-base ../../build/our_controller build --build-base /home/iro/ros2_ws/build/our_controller/build install --record /home/iro/ros2_ws/build/our_controller/install.log --single-version-externally-managed
[9.779s] DEBUG:colcon.colcon_core.event_handler.log_command:Invoked command in '/home/iro/ros2_ws/build/my_robot_controlerr' returned '0': PYTHONPATH=/home/iro/ros2_ws/build/my_robot_controlerr/prefix_override:/home/iro/ros2_ws/install/my_robot_controlerr/lib/python3.10/site-packages:${PYTHONPATH} /usr/bin/python3 setup.py develop --uninstall --editable --build-directory /home/iro/ros2_ws/build/my_robot_controlerr/build
[9.780s] DEBUG:colcon.colcon_core.event_handler.log_command:Invoking command in '/home/iro/ros2_ws/src/my_robot_controlerr': PYTHONPATH=/home/iro/ros2_ws/build/my_robot_controlerr/prefix_override:/home/iro/ros2_ws/install/my_robot_controlerr/lib/python3.10/site-packages:${PYTHONPATH} /usr/bin/python3 setup.py egg_info --egg-base ../../build/my_robot_controlerr build --build-base /home/iro/ros2_ws/build/my_robot_controlerr/build install --record /home/iro/ros2_ws/build/my_robot_controlerr/install.log --single-version-externally-managed
[11.199s] DEBUG:colcon.colcon_core.event_handler.log_command:Invoked command in '/home/iro/ros2_ws/src/my_robot_controlerr' returned '0': PYTHONPATH=/home/iro/ros2_ws/build/my_robot_controlerr/prefix_override:/home/iro/ros2_ws/install/my_robot_controlerr/lib/python3.10/site-packages:${PYTHONPATH} /usr/bin/python3 setup.py egg_info --egg-base ../../build/my_robot_controlerr build --build-base /home/iro/ros2_ws/build/my_robot_controlerr/build install --record /home/iro/ros2_ws/build/my_robot_controlerr/install.log --single-version-externally-managed
[11.283s] Level 1:colcon.colcon_core.environment:checking '/home/iro/ros2_ws/install/my_robot_controlerr' for CMake module files
[11.284s] Level 1:colcon.colcon_core.environment:checking '/home/iro/ros2_ws/install/my_robot_controlerr' for CMake config files
[11.285s] Level 1:colcon.colcon_core.environment:checking '/home/iro/ros2_ws/install/my_robot_controlerr/lib'
[11.286s] Level 1:colcon.colcon_core.environment:checking '/home/iro/ros2_ws/install/my_robot_controlerr/bin'
[11.287s] Level 1:colcon.colcon_core.environment:checking '/home/iro/ros2_ws/install/my_robot_controlerr/lib/pkgconfig/my_robot_controlerr.pc'
[11.287s] Level 1:colcon.colcon_core.environment:checking '/home/iro/ros2_ws/install/my_robot_controlerr/lib/python3.10/site-packages'
[11.288s] Level 1:colcon.colcon_core.shell:create_environment_hook('my_robot_controlerr', 'pythonpath')
[11.292s] INFO:colcon.colcon_core.shell:Creating environment hook '/home/iro/ros2_ws/install/my_robot_controlerr/share/my_robot_controlerr/hook/pythonpath.ps1'
[11.294s] INFO:colcon.colcon_core.shell:Creating environment descriptor '/home/iro/ros2_ws/install/my_robot_controlerr/share/my_robot_controlerr/hook/pythonpath.dsv'
[11.297s] INFO:colcon.colcon_core.shell:Creating environment hook '/home/iro/ros2_ws/install/my_robot_controlerr/share/my_robot_controlerr/hook/pythonpath.sh'
[11.299s] Level 1:colcon.colcon_core.environment:checking '/home/iro/ros2_ws/install/my_robot_controlerr/bin'
[11.299s] Level 1:colcon.colcon_core.environment:create_environment_scripts_only(my_robot_controlerr)
[11.304s] INFO:colcon.colcon_core.shell:Creating package script '/home/iro/ros2_ws/install/my_robot_controlerr/share/my_robot_controlerr/package.ps1'
[11.324s] INFO:colcon.colcon_core.shell:Creating package descriptor '/home/iro/ros2_ws/install/my_robot_controlerr/share/my_robot_controlerr/package.dsv'
[11.335s] INFO:colcon.colcon_core.shell:Creating package script '/home/iro/ros2_ws/install/my_robot_controlerr/share/my_robot_controlerr/package.sh'
[11.386s] INFO:colcon.colcon_core.shell:Creating package script '/home/iro/ros2_ws/install/my_robot_controlerr/share/my_robot_controlerr/package.bash'
[11.389s] INFO:colcon.colcon_core.shell:Creating package script '/home/iro/ros2_ws/install/my_robot_controlerr/share/my_robot_controlerr/package.zsh'
[11.392s] Level 1:colcon.colcon_core.environment:create_file_with_runtime_dependencies(/home/iro/ros2_ws/install/my_robot_controlerr/share/colcon-core/packages/my_robot_controlerr)
[11.398s] Level 1:colcon.colcon_core.environment:checking '/home/iro/ros2_ws/install/our_controller' for CMake module files
[11.401s] DEBUG:colcon.colcon_core.event_handler.log_command:Invoked command in '/home/iro/ros2_ws/src/our_controller' returned '0': PYTHONPATH=/home/iro/ros2_ws/build/our_controller/prefix_override:/home/iro/ros2_ws/install/our_controller/lib/python3.10/site-packages:${PYTHONPATH} /usr/bin/python3 setup.py egg_info --egg-base ../../build/our_controller build --build-base /home/iro/ros2_ws/build/our_controller/build install --record /home/iro/ros2_ws/build/our_controller/install.log --single-version-externally-managed
[11.404s] Level 1:colcon.colcon_core.environment:checking '/home/iro/ros2_ws/install/our_controller' for CMake config files
[11.406s] Level 1:colcon.colcon_core.environment:checking '/home/iro/ros2_ws/install/our_controller/lib'
[11.407s] Level 1:colcon.colcon_core.environment:checking '/home/iro/ros2_ws/install/our_controller/bin'
[11.407s] Level 1:colcon.colcon_core.environment:checking '/home/iro/ros2_ws/install/our_controller/lib/pkgconfig/our_controller.pc'
[11.408s] Level 1:colcon.colcon_core.environment:checking '/home/iro/ros2_ws/install/our_controller/lib/python3.10/site-packages'
[11.409s] Level 1:colcon.colcon_core.shell:create_environment_hook('our_controller', 'pythonpath')
[11.414s] INFO:colcon.colcon_core.shell:Creating environment hook '/home/iro/ros2_ws/install/our_controller/share/our_controller/hook/pythonpath.ps1'
[11.416s] INFO:colcon.colcon_core.shell:Creating environment descriptor '/home/iro/ros2_ws/install/our_controller/share/our_controller/hook/pythonpath.dsv'
[11.417s] INFO:colcon.colcon_core.shell:Creating environment hook '/home/iro/ros2_ws/install/our_controller/share/our_controller/hook/pythonpath.sh'
[11.419s] Level 1:colcon.colcon_core.environment:checking '/home/iro/ros2_ws/install/our_controller/bin'
[11.419s] Level 1:colcon.colcon_core.environment:create_environment_scripts_only(our_controller)
[11.422s] INFO:colcon.colcon_core.shell:Creating package script '/home/iro/ros2_ws/install/our_controller/share/our_controller/package.ps1'
[11.426s] INFO:colcon.colcon_core.shell:Creating package descriptor '/home/iro/ros2_ws/install/our_controller/share/our_controller/package.dsv'
[11.428s] INFO:colcon.colcon_core.shell:Creating package script '/home/iro/ros2_ws/install/our_controller/share/our_controller/package.sh'
[11.431s] INFO:colcon.colcon_core.shell:Creating package script '/home/iro/ros2_ws/install/our_controller/share/our_controller/package.bash'
[11.433s] INFO:colcon.colcon_core.shell:Creating package script '/home/iro/ros2_ws/install/our_controller/share/our_controller/package.zsh'
[11.435s] Level 1:colcon.colcon_core.environment:create_file_with_runtime_dependencies(/home/iro/ros2_ws/install/our_controller/share/colcon-core/packages/our_controller)
[11.441s] DEBUG:colcon.colcon_parallel_executor.executor.parallel:closing loop
[11.442s] DEBUG:colcon.colcon_parallel_executor.executor.parallel:loop closed
[11.442s] DEBUG:colcon.colcon_parallel_executor.executor.parallel:run_until_complete finished with '0'
[11.442s] DEBUG:colcon.colcon_core.event_reactor:joining thread
[11.495s] INFO:colcon.colcon_core.plugin_system:Skipping extension 'colcon_notification.desktop_notification.terminal_notifier': Not used on non-Darwin systems
[11.495s] INFO:colcon.colcon_core.plugin_system:Skipping extension 'colcon_notification.desktop_notification.win32': Not used on non-Windows systems
[11.496s] INFO:colcon.colcon_notification.desktop_notification:Sending desktop notification using 'notify2'
[11.570s] DEBUG:colcon.colcon_core.event_reactor:joined thread
[11.579s] INFO:colcon.colcon_core.shell:Creating prefix script '/home/iro/ros2_ws/install/local_setup.ps1'
[11.594s] INFO:colcon.colcon_core.shell:Creating prefix util module '/home/iro/ros2_ws/install/_local_setup_util_ps1.py'
[11.623s] INFO:colcon.colcon_core.shell:Creating prefix chain script '/home/iro/ros2_ws/install/setup.ps1'
[11.628s] INFO:colcon.colcon_core.shell:Creating prefix script '/home/iro/ros2_ws/install/local_setup.sh'
[11.629s] INFO:colcon.colcon_core.shell:Creating prefix util module '/home/iro/ros2_ws/install/_local_setup_util_sh.py'
[11.631s] INFO:colcon.colcon_core.shell:Creating prefix chain script '/home/iro/ros2_ws/install/setup.sh'
[11.637s] INFO:colcon.colcon_core.shell:Creating prefix script '/home/iro/ros2_ws/install/local_setup.bash'
[11.639s] INFO:colcon.colcon_core.shell:Creating prefix chain script '/home/iro/ros2_ws/install/setup.bash'
[11.646s] INFO:colcon.colcon_core.shell:Creating prefix script '/home/iro/ros2_ws/install/local_setup.zsh'
[11.648s] INFO:colcon.colcon_core.shell:Creating prefix chain script '/home/iro/ros2_ws/install/setup.zsh'
