[6.127s] Invoking command in '/home/iro/ros2_ws/build/our_controller': PYTHONPATH=/home/iro/ros2_ws/build/our_controller/prefix_override:/home/iro/ros2_ws/install/our_controller/lib/python3.10/site-packages:${PYTHONPATH} /usr/bin/python3 setup.py develop --editable --build-directory /home/iro/ros2_ws/build/our_controller/build --no-deps install_data
[7.847s] running develop
[7.849s] /usr/lib/python3/dist-packages/setuptools/command/easy_install.py:158: EasyInstallDeprecationWarning: easy_install command is deprecated. Use build and pip and other standards-based tools.
[7.851s]   warnings.warn(
[7.853s] /usr/lib/python3/dist-packages/setuptools/command/install.py:34: SetuptoolsDeprecationWarning: setup.py install is deprecated. Use build and pip and other standards-based tools.
[7.854s]   warnings.warn(
[8.328s] /usr/lib/python3/dist-packages/pkg_resources/__init__.py:116: PkgResourcesDeprecationWarning: 1.1build1 is an invalid version and will not be supported in a future release
[8.328s]   warnings.warn(
[8.336s] /usr/lib/python3/dist-packages/pkg_resources/__init__.py:116: PkgResourcesDeprecationWarning: 0.1.43ubuntu1 is an invalid version and will not be supported in a future release
[8.337s]   warnings.warn(
[8.767s] running egg_info
[8.768s] writing our_controller.egg-info/PKG-INFO
[8.769s] writing dependency_links to our_controller.egg-info/dependency_links.txt
[8.770s] writing entry points to our_controller.egg-info/entry_points.txt
[8.771s] writing requirements to our_controller.egg-info/requires.txt
[8.772s] writing top-level names to our_controller.egg-info/top_level.txt
[8.778s] reading manifest file 'our_controller.egg-info/SOURCES.txt'
[8.798s] writing manifest file 'our_controller.egg-info/SOURCES.txt'
[8.804s] running build_ext
[8.805s] Creating /home/iro/ros2_ws/install/our_controller/lib/python3.10/site-packages/our-controller.egg-link (link to .)
[8.808s] Installing control script to /home/iro/ros2_ws/install/our_controller/lib/our_controller
[8.809s] Installing listnerr script to /home/iro/ros2_ws/install/our_controller/lib/our_controller
[8.809s] Installing test_node script to /home/iro/ros2_ws/install/our_controller/lib/our_controller
[8.811s] 
[8.811s] Installed /home/iro/ros2_ws/build/our_controller
[8.811s] running install_data
[8.812s] copying package.xml -> /home/iro/ros2_ws/install/our_controller/share/our_controller
[8.950s] Invoked command in '/home/iro/ros2_ws/build/our_controller' returned '0': PYTHONPATH=/home/iro/ros2_ws/build/our_controller/prefix_override:/home/iro/ros2_ws/install/our_controller/lib/python3.10/site-packages:${PYTHONPATH} /usr/bin/python3 setup.py develop --editable --build-directory /home/iro/ros2_ws/build/our_controller/build --no-deps install_data
