[1.066s] DEBUG:colcon:Command line arguments: ['/usr/bin/colcon', 'build', '--symlink-install']
[1.067s] DEBUG:colcon:Parsed command line arguments: Namespace(log_base=None, log_level=None, verb_name='build', build_base='build', install_base='install', merge_install=False, symlink_install=True, test_result_base=None, continue_on_error=False, executor='parallel', parallel_workers=2, event_handlers=None, ignore_user_meta=False, metas=['./colcon.meta'], base_paths=['.'], packages_ignore=None, packages_ignore_regex=None, paths=None, packages_up_to=None, packages_up_to_regex=None, packages_above=None, packages_above_and_dependencies=None, packages_above_depth=None, packages_select_by_dep=None, packages_skip_by_dep=None, packages_skip_up_to=None, packages_select_build_failed=False, packages_skip_build_finished=False, packages_select_test_failures=False, packages_skip_test_passed=False, packages_select=None, packages_skip=None, packages_select_regex=None, packages_skip_regex=None, packages_start=None, packages_end=None, allow_overriding=[], cmake_args=None, cmake_target=None, cmake_target_skip_unavailable=False, cmake_clean_cache=False, cmake_clean_first=False, cmake_force_configure=False, ament_cmake_args=None, catkin_cmake_args=None, catkin_skip_building_tests=False, verb_parser=<colcon_defaults.argument_parser.defaults.DefaultArgumentsDecorator object at 0x7f1562052f20>, verb_extension=<colcon_core.verb.build.BuildVerb object at 0x7f15629dab30>, main=<bound method BuildVerb.main of <colcon_core.verb.build.BuildVerb object at 0x7f15629dab30>>)
[1.149s] Level 1:colcon.colcon_core.package_discovery:discover_packages(colcon_meta) check parameters
[1.150s] Level 1:colcon.colcon_core.package_discovery:discover_packages(recursive) check parameters
[1.150s] Level 1:colcon.colcon_core.package_discovery:discover_packages(ignore) check parameters
[1.150s] Level 1:colcon.colcon_core.package_discovery:discover_packages(path) check parameters
[1.150s] Level 1:colcon.colcon_core.package_discovery:discover_packages(colcon_meta) discover
[1.150s] Level 1:colcon.colcon_core.package_discovery:discover_packages(recursive) discover
[1.150s] INFO:colcon.colcon_core.package_discovery:Crawling recursively for packages in '/home/iro/ros2_ws'
[1.150s] Level 1:colcon.colcon_core.package_identification:_identify(.) by extensions ['ignore', 'ignore_ament_install']
[1.151s] Level 1:colcon.colcon_core.package_identification:_identify(.) by extension 'ignore'
[1.151s] Level 1:colcon.colcon_core.package_identification:_identify(.) by extension 'ignore_ament_install'
[1.151s] Level 1:colcon.colcon_core.package_identification:_identify(.) by extensions ['colcon_pkg']
[1.151s] Level 1:colcon.colcon_core.package_identification:_identify(.) by extension 'colcon_pkg'
[1.151s] Level 1:colcon.colcon_core.package_identification:_identify(.) by extensions ['colcon_meta']
[1.151s] Level 1:colcon.colcon_core.package_identification:_identify(.) by extension 'colcon_meta'
[1.151s] Level 1:colcon.colcon_core.package_identification:_identify(.) by extensions ['ros']
[1.151s] Level 1:colcon.colcon_core.package_identification:_identify(.) by extension 'ros'
[1.219s] Level 1:colcon.colcon_core.package_identification:_identify(.) by extensions ['cmake', 'python']
[1.219s] Level 1:colcon.colcon_core.package_identification:_identify(.) by extension 'cmake'
[1.219s] Level 1:colcon.colcon_core.package_identification:_identify(.) by extension 'python'
[1.220s] Level 1:colcon.colcon_core.package_identification:_identify(.) by extensions ['python_setup_py']
[1.220s] Level 1:colcon.colcon_core.package_identification:_identify(.) by extension 'python_setup_py'
[1.220s] Level 1:colcon.colcon_core.package_identification:_identify(build) by extensions ['ignore', 'ignore_ament_install']
[1.220s] Level 1:colcon.colcon_core.package_identification:_identify(build) by extension 'ignore'
[1.220s] Level 1:colcon.colcon_core.package_identification:_identify(build) ignored
[1.221s] Level 1:colcon.colcon_core.package_identification:_identify(install) by extensions ['ignore', 'ignore_ament_install']
[1.221s] Level 1:colcon.colcon_core.package_identification:_identify(install) by extension 'ignore'
[1.221s] Level 1:colcon.colcon_core.package_identification:_identify(install) ignored
[1.221s] Level 1:colcon.colcon_core.package_identification:_identify(log) by extensions ['ignore', 'ignore_ament_install']
[1.221s] Level 1:colcon.colcon_core.package_identification:_identify(log) by extension 'ignore'
[1.221s] Level 1:colcon.colcon_core.package_identification:_identify(log) ignored
[1.222s] Level 1:colcon.colcon_core.package_identification:_identify(src) by extensions ['ignore', 'ignore_ament_install']
[1.222s] Level 1:colcon.colcon_core.package_identification:_identify(src) by extension 'ignore'
[1.222s] Level 1:colcon.colcon_core.package_identification:_identify(src) by extension 'ignore_ament_install'
[1.222s] Level 1:colcon.colcon_core.package_identification:_identify(src) by extensions ['colcon_pkg']
[1.222s] Level 1:colcon.colcon_core.package_identification:_identify(src) by extension 'colcon_pkg'
[1.222s] Level 1:colcon.colcon_core.package_identification:_identify(src) by extensions ['colcon_meta']
[1.222s] Level 1:colcon.colcon_core.package_identification:_identify(src) by extension 'colcon_meta'
[1.222s] Level 1:colcon.colcon_core.package_identification:_identify(src) by extensions ['ros']
[1.222s] Level 1:colcon.colcon_core.package_identification:_identify(src) by extension 'ros'
[1.222s] Level 1:colcon.colcon_core.package_identification:_identify(src) by extensions ['cmake', 'python']
[1.223s] Level 1:colcon.colcon_core.package_identification:_identify(src) by extension 'cmake'
[1.223s] Level 1:colcon.colcon_core.package_identification:_identify(src) by extension 'python'
[1.223s] Level 1:colcon.colcon_core.package_identification:_identify(src) by extensions ['python_setup_py']
[1.223s] Level 1:colcon.colcon_core.package_identification:_identify(src) by extension 'python_setup_py'
[1.223s] Level 1:colcon.colcon_core.package_identification:_identify(src/my_robot_controlerr) by extensions ['ignore', 'ignore_ament_install']
[1.223s] Level 1:colcon.colcon_core.package_identification:_identify(src/my_robot_controlerr) by extension 'ignore'
[1.223s] Level 1:colcon.colcon_core.package_identification:_identify(src/my_robot_controlerr) by extension 'ignore_ament_install'
[1.224s] Level 1:colcon.colcon_core.package_identification:_identify(src/my_robot_controlerr) by extensions ['colcon_pkg']
[1.224s] Level 1:colcon.colcon_core.package_identification:_identify(src/my_robot_controlerr) by extension 'colcon_pkg'
[1.224s] Level 1:colcon.colcon_core.package_identification:_identify(src/my_robot_controlerr) by extensions ['colcon_meta']
[1.224s] Level 1:colcon.colcon_core.package_identification:_identify(src/my_robot_controlerr) by extension 'colcon_meta'
[1.224s] Level 1:colcon.colcon_core.package_identification:_identify(src/my_robot_controlerr) by extensions ['ros']
[1.224s] Level 1:colcon.colcon_core.package_identification:_identify(src/my_robot_controlerr) by extension 'ros'
[1.229s] DEBUG:colcon.colcon_core.package_identification:Failed to parse potential ROS package manifest in'src/my_robot_controlerr': Error(s) in package 'src/my_robot_controlerr/package.xml':
The manifest contains invalid XML:
mismatched tag: line 11, column 26
[1.230s] Level 1:colcon.colcon_core.package_identification:_identify(src/my_robot_controlerr) by extensions ['cmake', 'python']
[1.230s] Level 1:colcon.colcon_core.package_identification:_identify(src/my_robot_controlerr) by extension 'cmake'
[1.231s] Level 1:colcon.colcon_core.package_identification:_identify(src/my_robot_controlerr) by extension 'python'
[1.231s] DEBUG:colcon.colcon_core.package_identification:Python package in 'src/my_robot_controlerr' passes arguments to the setup() function which requires a different identification extension than 'python'
[1.232s] Level 1:colcon.colcon_core.package_identification:_identify(src/my_robot_controlerr) by extensions ['python_setup_py']
[1.232s] Level 1:colcon.colcon_core.package_identification:_identify(src/my_robot_controlerr) by extension 'python_setup_py'
[2.068s] DEBUG:colcon.colcon_core.package_identification:Package 'src/my_robot_controlerr' with type 'python' and name 'my_robot_controlerr'
[2.069s] Level 1:colcon.colcon_core.package_identification:_identify(src/our_controller) by extensions ['ignore', 'ignore_ament_install']
[2.069s] Level 1:colcon.colcon_core.package_identification:_identify(src/our_controller) by extension 'ignore'
[2.069s] Level 1:colcon.colcon_core.package_identification:_identify(src/our_controller) by extension 'ignore_ament_install'
[2.069s] Level 1:colcon.colcon_core.package_identification:_identify(src/our_controller) by extensions ['colcon_pkg']
[2.069s] Level 1:colcon.colcon_core.package_identification:_identify(src/our_controller) by extension 'colcon_pkg'
[2.069s] Level 1:colcon.colcon_core.package_identification:_identify(src/our_controller) by extensions ['colcon_meta']
[2.070s] Level 1:colcon.colcon_core.package_identification:_identify(src/our_controller) by extension 'colcon_meta'
[2.070s] Level 1:colcon.colcon_core.package_identification:_identify(src/our_controller) by extensions ['ros']
[2.070s] Level 1:colcon.colcon_core.package_identification:_identify(src/our_controller) by extension 'ros'
[2.074s] DEBUG:colcon.colcon_core.package_identification:Package 'src/our_controller' with type 'ros.ament_python' and name 'our_controller'
[2.074s] Level 1:colcon.colcon_core.package_discovery:discover_packages(recursive) using defaults
[2.074s] Level 1:colcon.colcon_core.package_discovery:discover_packages(ignore) discover
[2.074s] Level 1:colcon.colcon_core.package_discovery:discover_packages(ignore) using defaults
[2.075s] Level 1:colcon.colcon_core.package_discovery:discover_packages(path) discover
[2.075s] Level 1:colcon.colcon_core.package_discovery:discover_packages(path) using defaults
[2.164s] Level 1:colcon.colcon_core.package_discovery:discover_packages(prefix_path) check parameters
[2.165s] Level 1:colcon.colcon_core.package_discovery:discover_packages(prefix_path) discover
[2.170s] DEBUG:colcon.colcon_installed_package_information.package_discovery:Found 2 installed packages in /home/iro/ros2_ws/install
[2.176s] DEBUG:colcon.colcon_installed_package_information.package_discovery:Found 287 installed packages in /opt/ros/humble
[2.180s] Level 1:colcon.colcon_core.package_discovery:discover_packages(prefix_path) using defaults
[2.400s] Level 5:colcon.colcon_core.verb:set package 'my_robot_controlerr' build argument 'cmake_args' from command line to 'None'
[2.400s] Level 5:colcon.colcon_core.verb:set package 'my_robot_controlerr' build argument 'cmake_target' from command line to 'None'
[2.401s] Level 5:colcon.colcon_core.verb:set package 'my_robot_controlerr' build argument 'cmake_target_skip_unavailable' from command line to 'False'
[2.401s] Level 5:colcon.colcon_core.verb:set package 'my_robot_controlerr' build argument 'cmake_clean_cache' from command line to 'False'
[2.401s] Level 5:colcon.colcon_core.verb:set package 'my_robot_controlerr' build argument 'cmake_clean_first' from command line to 'False'
[2.401s] Level 5:colcon.colcon_core.verb:set package 'my_robot_controlerr' build argument 'cmake_force_configure' from command line to 'False'
[2.401s] Level 5:colcon.colcon_core.verb:set package 'my_robot_controlerr' build argument 'ament_cmake_args' from command line to 'None'
[2.401s] Level 5:colcon.colcon_core.verb:set package 'my_robot_controlerr' build argument 'catkin_cmake_args' from command line to 'None'
[2.401s] Level 5:colcon.colcon_core.verb:set package 'my_robot_controlerr' build argument 'catkin_skip_building_tests' from command line to 'False'
[2.401s] DEBUG:colcon.colcon_core.verb:Building package 'my_robot_controlerr' with the following arguments: {'ament_cmake_args': None, 'build_base': '/home/iro/ros2_ws/build/my_robot_controlerr', 'catkin_cmake_args': None, 'catkin_skip_building_tests': False, 'cmake_args': None, 'cmake_clean_cache': False, 'cmake_clean_first': False, 'cmake_force_configure': False, 'cmake_target': None, 'cmake_target_skip_unavailable': False, 'install_base': '/home/iro/ros2_ws/install/my_robot_controlerr', 'merge_install': False, 'path': '/home/iro/ros2_ws/src/my_robot_controlerr', 'symlink_install': True, 'test_result_base': None}
[2.405s] Level 5:colcon.colcon_core.verb:set package 'our_controller' build argument 'cmake_args' from command line to 'None'
[2.405s] Level 5:colcon.colcon_core.verb:set package 'our_controller' build argument 'cmake_target' from command line to 'None'
[2.405s] Level 5:colcon.colcon_core.verb:set package 'our_controller' build argument 'cmake_target_skip_unavailable' from command line to 'False'
[2.405s] Level 5:colcon.colcon_core.verb:set package 'our_controller' build argument 'cmake_clean_cache' from command line to 'False'
[2.405s] Level 5:colcon.colcon_core.verb:set package 'our_controller' build argument 'cmake_clean_first' from command line to 'False'
[2.405s] Level 5:colcon.colcon_core.verb:set package 'our_controller' build argument 'cmake_force_configure' from command line to 'False'
[2.405s] Level 5:colcon.colcon_core.verb:set package 'our_controller' build argument 'ament_cmake_args' from command line to 'None'
[2.406s] Level 5:colcon.colcon_core.verb:set package 'our_controller' build argument 'catkin_cmake_args' from command line to 'None'
[2.406s] Level 5:colcon.colcon_core.verb:set package 'our_controller' build argument 'catkin_skip_building_tests' from command line to 'False'
[2.406s] DEBUG:colcon.colcon_core.verb:Building package 'our_controller' with the following arguments: {'ament_cmake_args': None, 'build_base': '/home/iro/ros2_ws/build/our_controller', 'catkin_cmake_args': None, 'catkin_skip_building_tests': False, 'cmake_args': None, 'cmake_clean_cache': False, 'cmake_clean_first': False, 'cmake_force_configure': False, 'cmake_target': None, 'cmake_target_skip_unavailable': False, 'install_base': '/home/iro/ros2_ws/install/our_controller', 'merge_install': False, 'path': '/home/iro/ros2_ws/src/our_controller', 'symlink_install': True, 'test_result_base': None}
[2.408s] INFO:colcon.colcon_core.executor:Executing jobs using 'parallel' executor
[2.421s] DEBUG:colcon.colcon_parallel_executor.executor.parallel:run_until_complete
[2.421s] INFO:colcon.colcon_core.task.python.build:Building Python package in '/home/iro/ros2_ws/src/my_robot_controlerr'
[2.440s] INFO:colcon.colcon_core.plugin_system:Skipping extension 'colcon_core.shell.bat': Not used on non-Windows systems
[2.440s] INFO:colcon.colcon_core.shell:Skip shell extension 'powershell' for command environment: Not usable outside of PowerShell
[2.440s] DEBUG:colcon.colcon_core.shell:Skip shell extension 'dsv' for command environment
[2.455s] INFO:colcon.colcon_ros.task.ament_python.build:Building ROS package in '/home/iro/ros2_ws/src/our_controller' with build type 'ament_python'
[2.456s] Level 1:colcon.colcon_core.shell:create_environment_hook('our_controller', 'ament_prefix_path')
[2.463s] INFO:colcon.colcon_core.shell:Creating environment hook '/home/iro/ros2_ws/install/our_controller/share/our_controller/hook/ament_prefix_path.ps1'
[2.465s] INFO:colcon.colcon_core.shell:Creating environment descriptor '/home/iro/ros2_ws/install/our_controller/share/our_controller/hook/ament_prefix_path.dsv'
[2.466s] INFO:colcon.colcon_core.shell:Creating environment hook '/home/iro/ros2_ws/install/our_controller/share/our_controller/hook/ament_prefix_path.sh'
[2.470s] INFO:colcon.colcon_core.shell:Skip shell extension 'powershell' for command environment: Not usable outside of PowerShell
[2.470s] DEBUG:colcon.colcon_core.shell:Skip shell extension 'dsv' for command environment
[4.441s] INFO:colcon.colcon_core.task.python.build:Building Python package in '/home/iro/ros2_ws/src/our_controller'
[4.447s] INFO:colcon.colcon_core.shell:Skip shell extension 'powershell' for command environment: Not usable outside of PowerShell
[4.448s] DEBUG:colcon.colcon_core.shell:Skip shell extension 'dsv' for command environment
[4.907s] DEBUG:colcon.colcon_core.task.python.build:While undoing a previous installation files outside the Python library path are being ignored: /home/iro/ros2_ws/install/my_robot_controlerr/share/ament_index/resource_index/packages/my_robot_controlerr
[4.907s] DEBUG:colcon.colcon_core.task.python.build:While undoing a previous installation files outside the Python library path are being ignored: /home/iro/ros2_ws/install/my_robot_controlerr/share/my_robot_controlerr/package.xml
[4.907s] DEBUG:colcon.colcon_core.task.python.build:While undoing a previous installation files outside the Python library path are being ignored: /home/iro/ros2_ws/install/my_robot_controlerr/lib/my_robot_controlerr/controller
[4.908s] DEBUG:colcon.colcon_core.task.python.build:While undoing a previous installation files outside the Python library path are being ignored: /home/iro/ros2_ws/install/my_robot_controlerr/lib/my_robot_controlerr/test_node
[4.990s] DEBUG:colcon.colcon_core.event_handler.log_command:Invoking command in '/home/iro/ros2_ws/build/my_robot_controlerr': PYTHONPATH=/home/iro/ros2_ws/build/my_robot_controlerr/prefix_override:/home/iro/ros2_ws/install/my_robot_controlerr/lib/python3.10/site-packages:${PYTHONPATH} /usr/bin/python3 setup.py develop --editable --build-directory /home/iro/ros2_ws/build/my_robot_controlerr/build --no-deps install_data
[5.965s] DEBUG:colcon.colcon_core.task.python.build:While undoing a previous installation files outside the Python library path are being ignored: /home/iro/ros2_ws/install/our_controller/share/ament_index/resource_index/packages/our_controller
[5.969s] DEBUG:colcon.colcon_core.task.python.build:While undoing a previous installation files outside the Python library path are being ignored: /home/iro/ros2_ws/install/our_controller/share/our_controller/package.xml
[5.971s] DEBUG:colcon.colcon_core.task.python.build:While undoing a previous installation files outside the Python library path are being ignored: /home/iro/ros2_ws/install/our_controller/lib/our_controller/control
[5.971s] DEBUG:colcon.colcon_core.task.python.build:While undoing a previous installation files outside the Python library path are being ignored: /home/iro/ros2_ws/install/our_controller/lib/our_controller/test_node
[6.005s] DEBUG:colcon.colcon_core.event_handler.log_command:Invoking command in '/home/iro/ros2_ws/build/our_controller': PYTHONPATH=/home/iro/ros2_ws/build/our_controller/prefix_override:/home/iro/ros2_ws/install/our_controller/lib/python3.10/site-packages:${PYTHONPATH} /usr/bin/python3 setup.py develop --editable --build-directory /home/iro/ros2_ws/build/our_controller/build --no-deps install_data
[7.174s] Level 1:colcon.colcon_core.shell:create_environment_hook('my_robot_controlerr', 'pythonpath_develop')
[7.178s] INFO:colcon.colcon_core.shell:Creating environment hook '/home/iro/ros2_ws/build/my_robot_controlerr/share/my_robot_controlerr/hook/pythonpath_develop.ps1'
[7.178s] DEBUG:colcon.colcon_core.event_handler.log_command:Invoked command in '/home/iro/ros2_ws/build/my_robot_controlerr' returned '0': PYTHONPATH=/home/iro/ros2_ws/build/my_robot_controlerr/prefix_override:/home/iro/ros2_ws/install/my_robot_controlerr/lib/python3.10/site-packages:${PYTHONPATH} /usr/bin/python3 setup.py develop --editable --build-directory /home/iro/ros2_ws/build/my_robot_controlerr/build --no-deps install_data
[7.212s] INFO:colcon.colcon_core.shell:Creating environment descriptor '/home/iro/ros2_ws/build/my_robot_controlerr/share/my_robot_controlerr/hook/pythonpath_develop.dsv'
[7.214s] INFO:colcon.colcon_core.shell:Creating environment hook '/home/iro/ros2_ws/build/my_robot_controlerr/share/my_robot_controlerr/hook/pythonpath_develop.sh'
[7.230s] Level 1:colcon.colcon_core.environment:checking '/home/iro/ros2_ws/install/my_robot_controlerr' for CMake module files
[7.232s] Level 1:colcon.colcon_core.environment:checking '/home/iro/ros2_ws/install/my_robot_controlerr' for CMake config files
[7.235s] Level 1:colcon.colcon_core.environment:checking '/home/iro/ros2_ws/install/my_robot_controlerr/lib'
[7.235s] Level 1:colcon.colcon_core.environment:checking '/home/iro/ros2_ws/install/my_robot_controlerr/bin'
[7.236s] Level 1:colcon.colcon_core.environment:checking '/home/iro/ros2_ws/install/my_robot_controlerr/lib/pkgconfig/my_robot_controlerr.pc'
[7.237s] Level 1:colcon.colcon_core.environment:checking '/home/iro/ros2_ws/install/my_robot_controlerr/lib/python3.10/site-packages'
[7.237s] Level 1:colcon.colcon_core.shell:create_environment_hook('my_robot_controlerr', 'pythonpath')
[7.243s] INFO:colcon.colcon_core.shell:Creating environment hook '/home/iro/ros2_ws/install/my_robot_controlerr/share/my_robot_controlerr/hook/pythonpath.ps1'
[7.245s] INFO:colcon.colcon_core.shell:Creating environment descriptor '/home/iro/ros2_ws/install/my_robot_controlerr/share/my_robot_controlerr/hook/pythonpath.dsv'
[7.246s] INFO:colcon.colcon_core.shell:Creating environment hook '/home/iro/ros2_ws/install/my_robot_controlerr/share/my_robot_controlerr/hook/pythonpath.sh'
[7.247s] Level 1:colcon.colcon_core.environment:checking '/home/iro/ros2_ws/install/my_robot_controlerr/bin'
[7.247s] Level 1:colcon.colcon_core.environment:create_environment_scripts_only(my_robot_controlerr)
[7.251s] INFO:colcon.colcon_core.shell:Creating package script '/home/iro/ros2_ws/install/my_robot_controlerr/share/my_robot_controlerr/package.ps1'
[7.253s] INFO:colcon.colcon_core.shell:Creating package descriptor '/home/iro/ros2_ws/install/my_robot_controlerr/share/my_robot_controlerr/package.dsv'
[7.257s] INFO:colcon.colcon_core.shell:Creating package script '/home/iro/ros2_ws/install/my_robot_controlerr/share/my_robot_controlerr/package.sh'
[7.260s] INFO:colcon.colcon_core.shell:Creating package script '/home/iro/ros2_ws/install/my_robot_controlerr/share/my_robot_controlerr/package.bash'
[7.263s] INFO:colcon.colcon_core.shell:Creating package script '/home/iro/ros2_ws/install/my_robot_controlerr/share/my_robot_controlerr/package.zsh'
[7.266s] Level 1:colcon.colcon_core.environment:create_file_with_runtime_dependencies(/home/iro/ros2_ws/install/my_robot_controlerr/share/colcon-core/packages/my_robot_controlerr)
[8.047s] Level 1:colcon.colcon_core.shell:create_environment_hook('our_controller', 'pythonpath_develop')
[8.051s] INFO:colcon.colcon_core.shell:Creating environment hook '/home/iro/ros2_ws/build/our_controller/share/our_controller/hook/pythonpath_develop.ps1'
[8.053s] DEBUG:colcon.colcon_core.event_handler.log_command:Invoked command in '/home/iro/ros2_ws/build/our_controller' returned '0': PYTHONPATH=/home/iro/ros2_ws/build/our_controller/prefix_override:/home/iro/ros2_ws/install/our_controller/lib/python3.10/site-packages:${PYTHONPATH} /usr/bin/python3 setup.py develop --editable --build-directory /home/iro/ros2_ws/build/our_controller/build --no-deps install_data
[8.057s] INFO:colcon.colcon_core.shell:Creating environment descriptor '/home/iro/ros2_ws/build/our_controller/share/our_controller/hook/pythonpath_develop.dsv'
[8.059s] INFO:colcon.colcon_core.shell:Creating environment hook '/home/iro/ros2_ws/build/our_controller/share/our_controller/hook/pythonpath_develop.sh'
[8.067s] Level 1:colcon.colcon_core.environment:checking '/home/iro/ros2_ws/install/our_controller' for CMake module files
[8.068s] Level 1:colcon.colcon_core.environment:checking '/home/iro/ros2_ws/install/our_controller' for CMake config files
[8.069s] Level 1:colcon.colcon_core.environment:checking '/home/iro/ros2_ws/install/our_controller/lib'
[8.069s] Level 1:colcon.colcon_core.environment:checking '/home/iro/ros2_ws/install/our_controller/bin'
[8.069s] Level 1:colcon.colcon_core.environment:checking '/home/iro/ros2_ws/install/our_controller/lib/pkgconfig/our_controller.pc'
[8.070s] Level 1:colcon.colcon_core.environment:checking '/home/iro/ros2_ws/install/our_controller/lib/python3.10/site-packages'
[8.070s] Level 1:colcon.colcon_core.shell:create_environment_hook('our_controller', 'pythonpath')
[8.073s] INFO:colcon.colcon_core.shell:Creating environment hook '/home/iro/ros2_ws/install/our_controller/share/our_controller/hook/pythonpath.ps1'
[8.075s] INFO:colcon.colcon_core.shell:Creating environment descriptor '/home/iro/ros2_ws/install/our_controller/share/our_controller/hook/pythonpath.dsv'
[8.078s] INFO:colcon.colcon_core.shell:Creating environment hook '/home/iro/ros2_ws/install/our_controller/share/our_controller/hook/pythonpath.sh'
[8.081s] Level 1:colcon.colcon_core.environment:checking '/home/iro/ros2_ws/install/our_controller/bin'
[8.082s] Level 1:colcon.colcon_core.environment:create_environment_scripts_only(our_controller)
[8.088s] INFO:colcon.colcon_core.shell:Creating package script '/home/iro/ros2_ws/install/our_controller/share/our_controller/package.ps1'
[8.090s] INFO:colcon.colcon_core.shell:Creating package descriptor '/home/iro/ros2_ws/install/our_controller/share/our_controller/package.dsv'
[8.091s] INFO:colcon.colcon_core.shell:Creating package script '/home/iro/ros2_ws/install/our_controller/share/our_controller/package.sh'
[8.092s] INFO:colcon.colcon_core.shell:Creating package script '/home/iro/ros2_ws/install/our_controller/share/our_controller/package.bash'
[8.093s] INFO:colcon.colcon_core.shell:Creating package script '/home/iro/ros2_ws/install/our_controller/share/our_controller/package.zsh'
[8.094s] Level 1:colcon.colcon_core.environment:create_file_with_runtime_dependencies(/home/iro/ros2_ws/install/our_controller/share/colcon-core/packages/our_controller)
[8.095s] DEBUG:colcon.colcon_parallel_executor.executor.parallel:closing loop
[8.096s] DEBUG:colcon.colcon_parallel_executor.executor.parallel:loop closed
[8.097s] DEBUG:colcon.colcon_parallel_executor.executor.parallel:run_until_complete finished with '0'
[8.097s] DEBUG:colcon.colcon_core.event_reactor:joining thread
[8.130s] INFO:colcon.colcon_core.plugin_system:Skipping extension 'colcon_notification.desktop_notification.terminal_notifier': Not used on non-Darwin systems
[8.131s] INFO:colcon.colcon_core.plugin_system:Skipping extension 'colcon_notification.desktop_notification.win32': Not used on non-Windows systems
[8.131s] INFO:colcon.colcon_notification.desktop_notification:Sending desktop notification using 'notify2'
[8.181s] DEBUG:colcon.colcon_core.event_reactor:joined thread
[8.186s] INFO:colcon.colcon_core.shell:Creating prefix script '/home/iro/ros2_ws/install/local_setup.ps1'
[8.189s] INFO:colcon.colcon_core.shell:Creating prefix util module '/home/iro/ros2_ws/install/_local_setup_util_ps1.py'
[8.195s] INFO:colcon.colcon_core.shell:Creating prefix chain script '/home/iro/ros2_ws/install/setup.ps1'
[8.201s] INFO:colcon.colcon_core.shell:Creating prefix script '/home/iro/ros2_ws/install/local_setup.sh'
[8.205s] INFO:colcon.colcon_core.shell:Creating prefix util module '/home/iro/ros2_ws/install/_local_setup_util_sh.py'
[8.206s] INFO:colcon.colcon_core.shell:Creating prefix chain script '/home/iro/ros2_ws/install/setup.sh'
[8.210s] INFO:colcon.colcon_core.shell:Creating prefix script '/home/iro/ros2_ws/install/local_setup.bash'
[8.211s] INFO:colcon.colcon_core.shell:Creating prefix chain script '/home/iro/ros2_ws/install/setup.bash'
[8.215s] INFO:colcon.colcon_core.shell:Creating prefix script '/home/iro/ros2_ws/install/local_setup.zsh'
[8.217s] INFO:colcon.colcon_core.shell:Creating prefix chain script '/home/iro/ros2_ws/install/setup.zsh'
