[2.740s] Invoking command in '/home/iro/ros2_ws/build/my_robot_controller2': PYTHONPATH=/home/iro/ros2_ws/build/my_robot_controller2/prefix_override:/home/iro/ros2_ws/install/my_robot_controller2/lib/python3.10/site-packages:${PYTHONPATH} /usr/bin/python3 setup.py develop --editable --build-directory /home/iro/ros2_ws/build/my_robot_controller2/build --no-deps install_data
[3.871s] running develop
[3.871s] /usr/lib/python3/dist-packages/setuptools/command/easy_install.py:158: EasyInstallDeprecationWarning: easy_install command is deprecated. Use build and pip and other standards-based tools.
[3.872s]   warnings.warn(
[3.875s] /usr/lib/python3/dist-packages/setuptools/command/install.py:34: SetuptoolsDeprecationWarning: setup.py install is deprecated. Use build and pip and other standards-based tools.
[3.875s]   warnings.warn(
[4.112s] /usr/lib/python3/dist-packages/pkg_resources/__init__.py:116: PkgResourcesDeprecationWarning: 1.1build1 is an invalid version and will not be supported in a future release
[4.112s]   warnings.warn(
[4.115s] /usr/lib/python3/dist-packages/pkg_resources/__init__.py:116: PkgResourcesDeprecationWarning: 0.1.43ubuntu1 is an invalid version and will not be supported in a future release
[4.115s]   warnings.warn(
[4.577s] running egg_info
[4.578s] writing my_robot_controller2.egg-info/PKG-INFO
[4.578s] writing dependency_links to my_robot_controller2.egg-info/dependency_links.txt
[4.579s] writing entry points to my_robot_controller2.egg-info/entry_points.txt
[4.579s] writing requirements to my_robot_controller2.egg-info/requires.txt
[4.580s] writing top-level names to my_robot_controller2.egg-info/top_level.txt
[4.583s] reading manifest file 'my_robot_controller2.egg-info/SOURCES.txt'
[4.584s] writing manifest file 'my_robot_controller2.egg-info/SOURCES.txt'
[4.587s] running build_ext
[4.588s] Creating /home/iro/ros2_ws/install/my_robot_controller2/lib/python3.10/site-packages/my-robot-controller2.egg-link (link to .)
[4.590s] 
[4.590s] Installed /home/iro/ros2_ws/build/my_robot_controller2
[4.590s] running install_data
[4.675s] Invoked command in '/home/iro/ros2_ws/build/my_robot_controller2' returned '0': PYTHONPATH=/home/iro/ros2_ws/build/my_robot_controller2/prefix_override:/home/iro/ros2_ws/install/my_robot_controller2/lib/python3.10/site-packages:${PYTHONPATH} /usr/bin/python3 setup.py develop --editable --build-directory /home/iro/ros2_ws/build/my_robot_controller2/build --no-deps install_data
