[1.105s] Invoking command in '/home/iro/ros2_ws/build/my_robot_controlerr': PYTHONPATH=/home/iro/ros2_ws/build/my_robot_controlerr/prefix_override:/home/iro/ros2_ws/install/my_robot_controlerr/lib/python3.10/site-packages:${PYTHONPATH} /usr/bin/python3 setup.py develop --editable --build-directory /home/iro/ros2_ws/build/my_robot_controlerr/build --no-deps install_data
[1.579s] running develop
[1.596s] /usr/lib/python3/dist-packages/setuptools/command/easy_install.py:158: EasyInstallDeprecationWarning: easy_install command is deprecated. Use build and pip and other standards-based tools.
[1.596s]   warnings.warn(
[1.598s] /usr/lib/python3/dist-packages/setuptools/command/install.py:34: SetuptoolsDeprecationWarning: setup.py install is deprecated. Use build and pip and other standards-based tools.
[1.598s]   warnings.warn(
[1.713s] /usr/lib/python3/dist-packages/pkg_resources/__init__.py:116: PkgResourcesDeprecationWarning: 1.1build1 is an invalid version and will not be supported in a future release
[1.713s]   warnings.warn(
[1.714s] /usr/lib/python3/dist-packages/pkg_resources/__init__.py:116: PkgResourcesDeprecationWarning: 0.1.43ubuntu1 is an invalid version and will not be supported in a future release
[1.715s]   warnings.warn(
[1.911s] running egg_info
[1.911s] writing my_robot_controlerr.egg-info/PKG-INFO
[1.912s] writing dependency_links to my_robot_controlerr.egg-info/dependency_links.txt
[1.912s] writing entry points to my_robot_controlerr.egg-info/entry_points.txt
[1.913s] writing requirements to my_robot_controlerr.egg-info/requires.txt
[1.914s] writing top-level names to my_robot_controlerr.egg-info/top_level.txt
[1.917s] reading manifest file 'my_robot_controlerr.egg-info/SOURCES.txt'
[1.918s] writing manifest file 'my_robot_controlerr.egg-info/SOURCES.txt'
[1.920s] running build_ext
[1.921s] Creating /home/iro/ros2_ws/install/my_robot_controlerr/lib/python3.10/site-packages/my-robot-controlerr.egg-link (link to .)
[1.922s] Installing test_node script to /home/iro/ros2_ws/install/my_robot_controlerr/lib/my_robot_controlerr
[1.922s] 
[1.923s] Installed /home/iro/ros2_ws/build/my_robot_controlerr
[1.923s] running install_data
[1.976s] Invoked command in '/home/iro/ros2_ws/build/my_robot_controlerr' returned '0': PYTHONPATH=/home/iro/ros2_ws/build/my_robot_controlerr/prefix_override:/home/iro/ros2_ws/install/my_robot_controlerr/lib/python3.10/site-packages:${PYTHONPATH} /usr/bin/python3 setup.py develop --editable --build-directory /home/iro/ros2_ws/build/my_robot_controlerr/build --no-deps install_data
