[2.280s] Invoking command in '/home/iro/ros2_ws/build/our_controller': PYTHONPATH=/home/iro/ros2_ws/build/our_controller/prefix_override:/home/iro/ros2_ws/install/our_controller/lib/python3.10/site-packages:${PYTHONPATH} /usr/bin/python3 setup.py develop --editable --build-directory /home/iro/ros2_ws/build/our_controller/build --no-deps install_data
[2.973s] running develop
[2.974s] /usr/lib/python3/dist-packages/setuptools/command/easy_install.py:158: EasyInstallDeprecationWarning: easy_install command is deprecated. Use build and pip and other standards-based tools.
[2.974s]   warnings.warn(
[2.977s] /usr/lib/python3/dist-packages/setuptools/command/install.py:34: SetuptoolsDeprecationWarning: setup.py install is deprecated. Use build and pip and other standards-based tools.
[2.978s]   warnings.warn(
[3.109s] /usr/lib/python3/dist-packages/pkg_resources/__init__.py:116: PkgResourcesDeprecationWarning: 1.1build1 is an invalid version and will not be supported in a future release
[3.110s]   warnings.warn(
[3.112s] /usr/lib/python3/dist-packages/pkg_resources/__init__.py:116: PkgResourcesDeprecationWarning: 0.1.43ubuntu1 is an invalid version and will not be supported in a future release
[3.113s]   warnings.warn(
[3.351s] running egg_info
[3.352s] writing our_controller.egg-info/PKG-INFO
[3.353s] writing dependency_links to our_controller.egg-info/dependency_links.txt
[3.378s] writing entry points to our_controller.egg-info/entry_points.txt
[3.378s] writing requirements to our_controller.egg-info/requires.txt
[3.378s] writing top-level names to our_controller.egg-info/top_level.txt
[3.382s] reading manifest file 'our_controller.egg-info/SOURCES.txt'
[3.384s] writing manifest file 'our_controller.egg-info/SOURCES.txt'
[3.388s] running build_ext
[3.388s] Creating /home/iro/ros2_ws/install/our_controller/lib/python3.10/site-packages/our-controller.egg-link (link to .)
[3.391s] Installing test_node script to /home/iro/ros2_ws/install/our_controller/lib/our_controller
[3.392s] 
[3.392s] Installed /home/iro/ros2_ws/build/our_controller
[3.393s] running install_data
[3.468s] Invoked command in '/home/iro/ros2_ws/build/our_controller' returned '0': PYTHONPATH=/home/iro/ros2_ws/build/our_controller/prefix_override:/home/iro/ros2_ws/install/our_controller/lib/python3.10/site-packages:${PYTHONPATH} /usr/bin/python3 setup.py develop --editable --build-directory /home/iro/ros2_ws/build/our_controller/build --no-deps install_data
