[0.582s] DEBUG:colcon:Command line arguments: ['/usr/bin/colcon', 'build', '--symlink-install']
[0.582s] DEBUG:colcon:Parsed command line arguments: Namespace(log_base=None, log_level=None, verb_name='build', build_base='build', install_base='install', merge_install=False, symlink_install=True, test_result_base=None, continue_on_error=False, executor='parallel', parallel_workers=2, event_handlers=None, ignore_user_meta=False, metas=['./colcon.meta'], base_paths=['.'], packages_ignore=None, packages_ignore_regex=None, paths=None, packages_up_to=None, packages_up_to_regex=None, packages_above=None, packages_above_and_dependencies=None, packages_above_depth=None, packages_select_by_dep=None, packages_skip_by_dep=None, packages_skip_up_to=None, packages_select_build_failed=False, packages_skip_build_finished=False, packages_select_test_failures=False, packages_skip_test_passed=False, packages_select=None, packages_skip=None, packages_select_regex=None, packages_skip_regex=None, packages_start=None, packages_end=None, allow_overriding=[], cmake_args=None, cmake_target=None, cmake_target_skip_unavailable=False, cmake_clean_cache=False, cmake_clean_first=False, cmake_force_configure=False, ament_cmake_args=None, catkin_cmake_args=None, catkin_skip_building_tests=False, verb_parser=<colcon_defaults.argument_parser.defaults.DefaultArgumentsDecorator object at 0x7f8a3233ed70>, verb_extension=<colcon_core.verb.build.BuildVerb object at 0x7f8a32cb14e0>, main=<bound method BuildVerb.main of <colcon_core.verb.build.BuildVerb object at 0x7f8a32cb14e0>>)
[0.650s] Level 1:colcon.colcon_core.package_discovery:discover_packages(colcon_meta) check parameters
[0.650s] Level 1:colcon.colcon_core.package_discovery:discover_packages(recursive) check parameters
[0.650s] Level 1:colcon.colcon_core.package_discovery:discover_packages(ignore) check parameters
[0.650s] Level 1:colcon.colcon_core.package_discovery:discover_packages(path) check parameters
[0.650s] Level 1:colcon.colcon_core.package_discovery:discover_packages(colcon_meta) discover
[0.650s] Level 1:colcon.colcon_core.package_discovery:discover_packages(recursive) discover
[0.650s] INFO:colcon.colcon_core.package_discovery:Crawling recursively for packages in '/home/iro/ros2_ws'
[0.650s] Level 1:colcon.colcon_core.package_identification:_identify(.) by extensions ['ignore', 'ignore_ament_install']
[0.651s] Level 1:colcon.colcon_core.package_identification:_identify(.) by extension 'ignore'
[0.651s] Level 1:colcon.colcon_core.package_identification:_identify(.) by extension 'ignore_ament_install'
[0.651s] Level 1:colcon.colcon_core.package_identification:_identify(.) by extensions ['colcon_pkg']
[0.651s] Level 1:colcon.colcon_core.package_identification:_identify(.) by extension 'colcon_pkg'
[0.651s] Level 1:colcon.colcon_core.package_identification:_identify(.) by extensions ['colcon_meta']
[0.651s] Level 1:colcon.colcon_core.package_identification:_identify(.) by extension 'colcon_meta'
[0.651s] Level 1:colcon.colcon_core.package_identification:_identify(.) by extensions ['ros']
[0.651s] Level 1:colcon.colcon_core.package_identification:_identify(.) by extension 'ros'
[0.686s] Level 1:colcon.colcon_core.package_identification:_identify(.) by extensions ['cmake', 'python']
[0.687s] Level 1:colcon.colcon_core.package_identification:_identify(.) by extension 'cmake'
[0.687s] Level 1:colcon.colcon_core.package_identification:_identify(.) by extension 'python'
[0.687s] Level 1:colcon.colcon_core.package_identification:_identify(.) by extensions ['python_setup_py']
[0.687s] Level 1:colcon.colcon_core.package_identification:_identify(.) by extension 'python_setup_py'
[0.687s] Level 1:colcon.colcon_core.package_identification:_identify(build) by extensions ['ignore', 'ignore_ament_install']
[0.687s] Level 1:colcon.colcon_core.package_identification:_identify(build) by extension 'ignore'
[0.687s] Level 1:colcon.colcon_core.package_identification:_identify(build) ignored
[0.688s] Level 1:colcon.colcon_core.package_identification:_identify(install) by extensions ['ignore', 'ignore_ament_install']
[0.688s] Level 1:colcon.colcon_core.package_identification:_identify(install) by extension 'ignore'
[0.688s] Level 1:colcon.colcon_core.package_identification:_identify(install) ignored
[0.688s] Level 1:colcon.colcon_core.package_identification:_identify(log) by extensions ['ignore', 'ignore_ament_install']
[0.688s] Level 1:colcon.colcon_core.package_identification:_identify(log) by extension 'ignore'
[0.688s] Level 1:colcon.colcon_core.package_identification:_identify(log) ignored
[0.688s] Level 1:colcon.colcon_core.package_identification:_identify(src) by extensions ['ignore', 'ignore_ament_install']
[0.689s] Level 1:colcon.colcon_core.package_identification:_identify(src) by extension 'ignore'
[0.689s] Level 1:colcon.colcon_core.package_identification:_identify(src) by extension 'ignore_ament_install'
[0.689s] Level 1:colcon.colcon_core.package_identification:_identify(src) by extensions ['colcon_pkg']
[0.689s] Level 1:colcon.colcon_core.package_identification:_identify(src) by extension 'colcon_pkg'
[0.689s] Level 1:colcon.colcon_core.package_identification:_identify(src) by extensions ['colcon_meta']
[0.689s] Level 1:colcon.colcon_core.package_identification:_identify(src) by extension 'colcon_meta'
[0.689s] Level 1:colcon.colcon_core.package_identification:_identify(src) by extensions ['ros']
[0.689s] Level 1:colcon.colcon_core.package_identification:_identify(src) by extension 'ros'
[0.689s] Level 1:colcon.colcon_core.package_identification:_identify(src) by extensions ['cmake', 'python']
[0.689s] Level 1:colcon.colcon_core.package_identification:_identify(src) by extension 'cmake'
[0.690s] Level 1:colcon.colcon_core.package_identification:_identify(src) by extension 'python'
[0.690s] Level 1:colcon.colcon_core.package_identification:_identify(src) by extensions ['python_setup_py']
[0.690s] Level 1:colcon.colcon_core.package_identification:_identify(src) by extension 'python_setup_py'
[0.690s] Level 1:colcon.colcon_core.package_identification:_identify(src/my_robot_controlerr) by extensions ['ignore', 'ignore_ament_install']
[0.690s] Level 1:colcon.colcon_core.package_identification:_identify(src/my_robot_controlerr) by extension 'ignore'
[0.690s] Level 1:colcon.colcon_core.package_identification:_identify(src/my_robot_controlerr) by extension 'ignore_ament_install'
[0.690s] Level 1:colcon.colcon_core.package_identification:_identify(src/my_robot_controlerr) by extensions ['colcon_pkg']
[0.690s] Level 1:colcon.colcon_core.package_identification:_identify(src/my_robot_controlerr) by extension 'colcon_pkg'
[0.690s] Level 1:colcon.colcon_core.package_identification:_identify(src/my_robot_controlerr) by extensions ['colcon_meta']
[0.690s] Level 1:colcon.colcon_core.package_identification:_identify(src/my_robot_controlerr) by extension 'colcon_meta'
[0.690s] Level 1:colcon.colcon_core.package_identification:_identify(src/my_robot_controlerr) by extensions ['ros']
[0.691s] Level 1:colcon.colcon_core.package_identification:_identify(src/my_robot_controlerr) by extension 'ros'
[0.693s] DEBUG:colcon.colcon_core.package_identification:Failed to parse potential ROS package manifest in'src/my_robot_controlerr': Error(s) in package 'src/my_robot_controlerr/package.xml':
The manifest contains invalid XML:
mismatched tag: line 11, column 26
[0.693s] Level 1:colcon.colcon_core.package_identification:_identify(src/my_robot_controlerr) by extensions ['cmake', 'python']
[0.693s] Level 1:colcon.colcon_core.package_identification:_identify(src/my_robot_controlerr) by extension 'cmake'
[0.693s] Level 1:colcon.colcon_core.package_identification:_identify(src/my_robot_controlerr) by extension 'python'
[0.693s] DEBUG:colcon.colcon_core.package_identification:Python package in 'src/my_robot_controlerr' passes arguments to the setup() function which requires a different identification extension than 'python'
[0.693s] Level 1:colcon.colcon_core.package_identification:_identify(src/my_robot_controlerr) by extensions ['python_setup_py']
[0.693s] Level 1:colcon.colcon_core.package_identification:_identify(src/my_robot_controlerr) by extension 'python_setup_py'
[1.167s] DEBUG:colcon.colcon_core.package_identification:Package 'src/my_robot_controlerr' with type 'python' and name 'my_robot_controlerr'
[1.167s] Level 1:colcon.colcon_core.package_identification:_identify(src/my_robot_controller2) by extensions ['ignore', 'ignore_ament_install']
[1.167s] Level 1:colcon.colcon_core.package_identification:_identify(src/my_robot_controller2) by extension 'ignore'
[1.167s] Level 1:colcon.colcon_core.package_identification:_identify(src/my_robot_controller2) by extension 'ignore_ament_install'
[1.168s] Level 1:colcon.colcon_core.package_identification:_identify(src/my_robot_controller2) by extensions ['colcon_pkg']
[1.168s] Level 1:colcon.colcon_core.package_identification:_identify(src/my_robot_controller2) by extension 'colcon_pkg'
[1.168s] Level 1:colcon.colcon_core.package_identification:_identify(src/my_robot_controller2) by extensions ['colcon_meta']
[1.168s] Level 1:colcon.colcon_core.package_identification:_identify(src/my_robot_controller2) by extension 'colcon_meta'
[1.168s] Level 1:colcon.colcon_core.package_identification:_identify(src/my_robot_controller2) by extensions ['ros']
[1.168s] Level 1:colcon.colcon_core.package_identification:_identify(src/my_robot_controller2) by extension 'ros'
[1.172s] DEBUG:colcon.colcon_core.package_identification:Package 'src/my_robot_controller2' with type 'ros.ament_python' and name 'my_robot_controller2'
[1.172s] Level 1:colcon.colcon_core.package_identification:_identify(src/our_controller) by extensions ['ignore', 'ignore_ament_install']
[1.172s] Level 1:colcon.colcon_core.package_identification:_identify(src/our_controller) by extension 'ignore'
[1.172s] Level 1:colcon.colcon_core.package_identification:_identify(src/our_controller) by extension 'ignore_ament_install'
[1.172s] Level 1:colcon.colcon_core.package_identification:_identify(src/our_controller) by extensions ['colcon_pkg']
[1.172s] Level 1:colcon.colcon_core.package_identification:_identify(src/our_controller) by extension 'colcon_pkg'
[1.173s] Level 1:colcon.colcon_core.package_identification:_identify(src/our_controller) by extensions ['colcon_meta']
[1.173s] Level 1:colcon.colcon_core.package_identification:_identify(src/our_controller) by extension 'colcon_meta'
[1.173s] Level 1:colcon.colcon_core.package_identification:_identify(src/our_controller) by extensions ['ros']
[1.173s] Level 1:colcon.colcon_core.package_identification:_identify(src/our_controller) by extension 'ros'
[1.175s] DEBUG:colcon.colcon_core.package_identification:Package 'src/our_controller' with type 'ros.ament_python' and name 'our_controller'
[1.175s] Level 1:colcon.colcon_core.package_discovery:discover_packages(recursive) using defaults
[1.175s] Level 1:colcon.colcon_core.package_discovery:discover_packages(ignore) discover
[1.175s] Level 1:colcon.colcon_core.package_discovery:discover_packages(ignore) using defaults
[1.175s] Level 1:colcon.colcon_core.package_discovery:discover_packages(path) discover
[1.175s] Level 1:colcon.colcon_core.package_discovery:discover_packages(path) using defaults
[1.230s] Level 1:colcon.colcon_core.package_discovery:discover_packages(prefix_path) check parameters
[1.231s] Level 1:colcon.colcon_core.package_discovery:discover_packages(prefix_path) discover
[1.267s] DEBUG:colcon.colcon_installed_package_information.package_discovery:Found 2 installed packages in /home/iro/ros2_ws/install
[1.271s] DEBUG:colcon.colcon_installed_package_information.package_discovery:Found 287 installed packages in /opt/ros/humble
[1.275s] Level 1:colcon.colcon_core.package_discovery:discover_packages(prefix_path) using defaults
[1.430s] Level 5:colcon.colcon_core.verb:set package 'my_robot_controlerr' build argument 'cmake_args' from command line to 'None'
[1.430s] Level 5:colcon.colcon_core.verb:set package 'my_robot_controlerr' build argument 'cmake_target' from command line to 'None'
[1.430s] Level 5:colcon.colcon_core.verb:set package 'my_robot_controlerr' build argument 'cmake_target_skip_unavailable' from command line to 'False'
[1.430s] Level 5:colcon.colcon_core.verb:set package 'my_robot_controlerr' build argument 'cmake_clean_cache' from command line to 'False'
[1.430s] Level 5:colcon.colcon_core.verb:set package 'my_robot_controlerr' build argument 'cmake_clean_first' from command line to 'False'
[1.430s] Level 5:colcon.colcon_core.verb:set package 'my_robot_controlerr' build argument 'cmake_force_configure' from command line to 'False'
[1.430s] Level 5:colcon.colcon_core.verb:set package 'my_robot_controlerr' build argument 'ament_cmake_args' from command line to 'None'
[1.430s] Level 5:colcon.colcon_core.verb:set package 'my_robot_controlerr' build argument 'catkin_cmake_args' from command line to 'None'
[1.430s] Level 5:colcon.colcon_core.verb:set package 'my_robot_controlerr' build argument 'catkin_skip_building_tests' from command line to 'False'
[1.430s] DEBUG:colcon.colcon_core.verb:Building package 'my_robot_controlerr' with the following arguments: {'ament_cmake_args': None, 'build_base': '/home/iro/ros2_ws/build/my_robot_controlerr', 'catkin_cmake_args': None, 'catkin_skip_building_tests': False, 'cmake_args': None, 'cmake_clean_cache': False, 'cmake_clean_first': False, 'cmake_force_configure': False, 'cmake_target': None, 'cmake_target_skip_unavailable': False, 'install_base': '/home/iro/ros2_ws/install/my_robot_controlerr', 'merge_install': False, 'path': '/home/iro/ros2_ws/src/my_robot_controlerr', 'symlink_install': True, 'test_result_base': None}
[1.432s] Level 5:colcon.colcon_core.verb:set package 'my_robot_controller2' build argument 'cmake_args' from command line to 'None'
[1.432s] Level 5:colcon.colcon_core.verb:set package 'my_robot_controller2' build argument 'cmake_target' from command line to 'None'
[1.432s] Level 5:colcon.colcon_core.verb:set package 'my_robot_controller2' build argument 'cmake_target_skip_unavailable' from command line to 'False'
[1.432s] Level 5:colcon.colcon_core.verb:set package 'my_robot_controller2' build argument 'cmake_clean_cache' from command line to 'False'
[1.433s] Level 5:colcon.colcon_core.verb:set package 'my_robot_controller2' build argument 'cmake_clean_first' from command line to 'False'
[1.433s] Level 5:colcon.colcon_core.verb:set package 'my_robot_controller2' build argument 'cmake_force_configure' from command line to 'False'
[1.433s] Level 5:colcon.colcon_core.verb:set package 'my_robot_controller2' build argument 'ament_cmake_args' from command line to 'None'
[1.433s] Level 5:colcon.colcon_core.verb:set package 'my_robot_controller2' build argument 'catkin_cmake_args' from command line to 'None'
[1.433s] Level 5:colcon.colcon_core.verb:set package 'my_robot_controller2' build argument 'catkin_skip_building_tests' from command line to 'False'
[1.433s] DEBUG:colcon.colcon_core.verb:Building package 'my_robot_controller2' with the following arguments: {'ament_cmake_args': None, 'build_base': '/home/iro/ros2_ws/build/my_robot_controller2', 'catkin_cmake_args': None, 'catkin_skip_building_tests': False, 'cmake_args': None, 'cmake_clean_cache': False, 'cmake_clean_first': False, 'cmake_force_configure': False, 'cmake_target': None, 'cmake_target_skip_unavailable': False, 'install_base': '/home/iro/ros2_ws/install/my_robot_controller2', 'merge_install': False, 'path': '/home/iro/ros2_ws/src/my_robot_controller2', 'symlink_install': True, 'test_result_base': None}
[1.435s] Level 5:colcon.colcon_core.verb:set package 'our_controller' build argument 'cmake_args' from command line to 'None'
[1.435s] Level 5:colcon.colcon_core.verb:set package 'our_controller' build argument 'cmake_target' from command line to 'None'
[1.435s] Level 5:colcon.colcon_core.verb:set package 'our_controller' build argument 'cmake_target_skip_unavailable' from command line to 'False'
[1.435s] Level 5:colcon.colcon_core.verb:set package 'our_controller' build argument 'cmake_clean_cache' from command line to 'False'
[1.435s] Level 5:colcon.colcon_core.verb:set package 'our_controller' build argument 'cmake_clean_first' from command line to 'False'
[1.435s] Level 5:colcon.colcon_core.verb:set package 'our_controller' build argument 'cmake_force_configure' from command line to 'False'
[1.435s] Level 5:colcon.colcon_core.verb:set package 'our_controller' build argument 'ament_cmake_args' from command line to 'None'
[1.435s] Level 5:colcon.colcon_core.verb:set package 'our_controller' build argument 'catkin_cmake_args' from command line to 'None'
[1.435s] Level 5:colcon.colcon_core.verb:set package 'our_controller' build argument 'catkin_skip_building_tests' from command line to 'False'
[1.435s] DEBUG:colcon.colcon_core.verb:Building package 'our_controller' with the following arguments: {'ament_cmake_args': None, 'build_base': '/home/iro/ros2_ws/build/our_controller', 'catkin_cmake_args': None, 'catkin_skip_building_tests': False, 'cmake_args': None, 'cmake_clean_cache': False, 'cmake_clean_first': False, 'cmake_force_configure': False, 'cmake_target': None, 'cmake_target_skip_unavailable': False, 'install_base': '/home/iro/ros2_ws/install/our_controller', 'merge_install': False, 'path': '/home/iro/ros2_ws/src/our_controller', 'symlink_install': True, 'test_result_base': None}
[1.437s] INFO:colcon.colcon_core.executor:Executing jobs using 'parallel' executor
[1.445s] DEBUG:colcon.colcon_parallel_executor.executor.parallel:run_until_complete
[1.445s] INFO:colcon.colcon_core.task.python.build:Building Python package in '/home/iro/ros2_ws/src/my_robot_controlerr'
[1.542s] INFO:colcon.colcon_core.plugin_system:Skipping extension 'colcon_core.shell.bat': Not used on non-Windows systems
[1.542s] INFO:colcon.colcon_core.shell:Skip shell extension 'powershell' for command environment: Not usable outside of PowerShell
[1.542s] DEBUG:colcon.colcon_core.shell:Skip shell extension 'dsv' for command environment
[1.564s] INFO:colcon.colcon_ros.task.ament_python.build:Building ROS package in '/home/iro/ros2_ws/src/my_robot_controller2' with build type 'ament_python'
[1.564s] Level 1:colcon.colcon_core.shell:create_environment_hook('my_robot_controller2', 'ament_prefix_path')
[1.567s] INFO:colcon.colcon_core.shell:Creating environment hook '/home/iro/ros2_ws/install/my_robot_controller2/share/my_robot_controller2/hook/ament_prefix_path.ps1'
[1.586s] INFO:colcon.colcon_core.shell:Creating environment descriptor '/home/iro/ros2_ws/install/my_robot_controller2/share/my_robot_controller2/hook/ament_prefix_path.dsv'
[1.587s] INFO:colcon.colcon_core.shell:Creating environment hook '/home/iro/ros2_ws/install/my_robot_controller2/share/my_robot_controller2/hook/ament_prefix_path.sh'
[1.591s] INFO:colcon.colcon_core.shell:Skip shell extension 'powershell' for command environment: Not usable outside of PowerShell
[1.591s] DEBUG:colcon.colcon_core.shell:Skip shell extension 'dsv' for command environment
[2.624s] INFO:colcon.colcon_core.task.python.build:Building Python package in '/home/iro/ros2_ws/src/my_robot_controller2'
[2.627s] INFO:colcon.colcon_core.shell:Skip shell extension 'powershell' for command environment: Not usable outside of PowerShell
[2.627s] DEBUG:colcon.colcon_core.shell:Skip shell extension 'dsv' for command environment
[3.457s] DEBUG:colcon.colcon_core.event_handler.log_command:Invoking command in '/home/iro/ros2_ws/build/my_robot_controller2': PYTHONPATH=/home/iro/ros2_ws/build/my_robot_controller2/prefix_override:/home/iro/ros2_ws/install/my_robot_controller2/lib/python3.10/site-packages:${PYTHONPATH} /usr/bin/python3 setup.py develop --editable --build-directory /home/iro/ros2_ws/build/my_robot_controller2/build --no-deps install_data
[3.490s] DEBUG:colcon.colcon_core.event_handler.log_command:Invoking command in '/home/iro/ros2_ws/build/my_robot_controlerr': PYTHONPATH=/home/iro/ros2_ws/build/my_robot_controlerr/prefix_override:/home/iro/ros2_ws/install/my_robot_controlerr/lib/python3.10/site-packages:${PYTHONPATH} /usr/bin/python3 setup.py develop --editable --build-directory /home/iro/ros2_ws/build/my_robot_controlerr/build --no-deps install_data
[4.576s] Level 1:colcon.colcon_core.shell:create_environment_hook('my_robot_controller2', 'pythonpath_develop')
[4.579s] INFO:colcon.colcon_core.shell:Creating environment hook '/home/iro/ros2_ws/build/my_robot_controller2/share/my_robot_controller2/hook/pythonpath_develop.ps1'
[4.580s] DEBUG:colcon.colcon_core.event_handler.log_command:Invoked command in '/home/iro/ros2_ws/build/my_robot_controller2' returned '0': PYTHONPATH=/home/iro/ros2_ws/build/my_robot_controller2/prefix_override:/home/iro/ros2_ws/install/my_robot_controller2/lib/python3.10/site-packages:${PYTHONPATH} /usr/bin/python3 setup.py develop --editable --build-directory /home/iro/ros2_ws/build/my_robot_controller2/build --no-deps install_data
[4.592s] INFO:colcon.colcon_core.shell:Creating environment descriptor '/home/iro/ros2_ws/build/my_robot_controller2/share/my_robot_controller2/hook/pythonpath_develop.dsv'
[4.593s] INFO:colcon.colcon_core.shell:Creating environment hook '/home/iro/ros2_ws/build/my_robot_controller2/share/my_robot_controller2/hook/pythonpath_develop.sh'
[4.679s] Level 1:colcon.colcon_core.environment:checking '/home/iro/ros2_ws/install/my_robot_controller2' for CMake module files
[4.680s] Level 1:colcon.colcon_core.environment:checking '/home/iro/ros2_ws/install/my_robot_controller2' for CMake config files
[4.681s] Level 1:colcon.colcon_core.environment:checking '/home/iro/ros2_ws/install/my_robot_controller2/lib'
[4.681s] Level 1:colcon.colcon_core.environment:checking '/home/iro/ros2_ws/install/my_robot_controller2/bin'
[4.682s] Level 1:colcon.colcon_core.environment:checking '/home/iro/ros2_ws/install/my_robot_controller2/lib/pkgconfig/my_robot_controller2.pc'
[4.682s] Level 1:colcon.colcon_core.environment:checking '/home/iro/ros2_ws/install/my_robot_controller2/lib/python3.10/site-packages'
[4.682s] Level 1:colcon.colcon_core.shell:create_environment_hook('my_robot_controller2', 'pythonpath')
[4.688s] INFO:colcon.colcon_core.shell:Creating environment hook '/home/iro/ros2_ws/install/my_robot_controller2/share/my_robot_controller2/hook/pythonpath.ps1'
[4.689s] INFO:colcon.colcon_core.shell:Creating environment descriptor '/home/iro/ros2_ws/install/my_robot_controller2/share/my_robot_controller2/hook/pythonpath.dsv'
[4.690s] INFO:colcon.colcon_core.shell:Creating environment hook '/home/iro/ros2_ws/install/my_robot_controller2/share/my_robot_controller2/hook/pythonpath.sh'
[4.691s] Level 1:colcon.colcon_core.environment:checking '/home/iro/ros2_ws/install/my_robot_controller2/bin'
[4.691s] Level 1:colcon.colcon_core.environment:create_environment_scripts_only(my_robot_controller2)
[4.694s] INFO:colcon.colcon_core.shell:Creating package script '/home/iro/ros2_ws/install/my_robot_controller2/share/my_robot_controller2/package.ps1'
[4.709s] INFO:colcon.colcon_core.shell:Creating package descriptor '/home/iro/ros2_ws/install/my_robot_controller2/share/my_robot_controller2/package.dsv'
[4.718s] INFO:colcon.colcon_core.shell:Creating package script '/home/iro/ros2_ws/install/my_robot_controller2/share/my_robot_controller2/package.sh'
[4.720s] INFO:colcon.colcon_core.shell:Creating package script '/home/iro/ros2_ws/install/my_robot_controller2/share/my_robot_controller2/package.bash'
[4.722s] INFO:colcon.colcon_core.shell:Creating package script '/home/iro/ros2_ws/install/my_robot_controller2/share/my_robot_controller2/package.zsh'
[4.723s] Level 1:colcon.colcon_core.environment:create_file_with_runtime_dependencies(/home/iro/ros2_ws/install/my_robot_controller2/share/colcon-core/packages/my_robot_controller2)
[4.724s] INFO:colcon.colcon_ros.task.ament_python.build:Building ROS package in '/home/iro/ros2_ws/src/our_controller' with build type 'ament_python'
[4.725s] Level 1:colcon.colcon_core.shell:create_environment_hook('our_controller', 'ament_prefix_path')
[4.727s] INFO:colcon.colcon_core.shell:Creating environment hook '/home/iro/ros2_ws/install/our_controller/share/our_controller/hook/ament_prefix_path.ps1'
[4.729s] INFO:colcon.colcon_core.shell:Creating environment descriptor '/home/iro/ros2_ws/install/our_controller/share/our_controller/hook/ament_prefix_path.dsv'
[4.730s] INFO:colcon.colcon_core.shell:Creating environment hook '/home/iro/ros2_ws/install/our_controller/share/our_controller/hook/ament_prefix_path.sh'
[4.733s] INFO:colcon.colcon_core.shell:Skip shell extension 'powershell' for command environment: Not usable outside of PowerShell
[4.733s] DEBUG:colcon.colcon_core.shell:Skip shell extension 'dsv' for command environment
[4.741s] Level 1:colcon.colcon_core.shell:create_environment_hook('my_robot_controlerr', 'pythonpath_develop')
[4.743s] INFO:colcon.colcon_core.shell:Creating environment hook '/home/iro/ros2_ws/build/my_robot_controlerr/share/my_robot_controlerr/hook/pythonpath_develop.ps1'
[4.745s] DEBUG:colcon.colcon_core.event_handler.log_command:Invoked command in '/home/iro/ros2_ws/build/my_robot_controlerr' returned '0': PYTHONPATH=/home/iro/ros2_ws/build/my_robot_controlerr/prefix_override:/home/iro/ros2_ws/install/my_robot_controlerr/lib/python3.10/site-packages:${PYTHONPATH} /usr/bin/python3 setup.py develop --editable --build-directory /home/iro/ros2_ws/build/my_robot_controlerr/build --no-deps install_data
[4.745s] INFO:colcon.colcon_core.shell:Creating environment descriptor '/home/iro/ros2_ws/build/my_robot_controlerr/share/my_robot_controlerr/hook/pythonpath_develop.dsv'
[4.746s] INFO:colcon.colcon_core.shell:Creating environment hook '/home/iro/ros2_ws/build/my_robot_controlerr/share/my_robot_controlerr/hook/pythonpath_develop.sh'
[4.754s] Level 1:colcon.colcon_core.environment:checking '/home/iro/ros2_ws/install/my_robot_controlerr' for CMake module files
[4.755s] Level 1:colcon.colcon_core.environment:checking '/home/iro/ros2_ws/install/my_robot_controlerr' for CMake config files
[4.756s] Level 1:colcon.colcon_core.environment:checking '/home/iro/ros2_ws/install/my_robot_controlerr/lib'
[4.756s] Level 1:colcon.colcon_core.environment:checking '/home/iro/ros2_ws/install/my_robot_controlerr/bin'
[4.756s] Level 1:colcon.colcon_core.environment:checking '/home/iro/ros2_ws/install/my_robot_controlerr/lib/pkgconfig/my_robot_controlerr.pc'
[4.757s] Level 1:colcon.colcon_core.environment:checking '/home/iro/ros2_ws/install/my_robot_controlerr/lib/python3.10/site-packages'
[4.757s] Level 1:colcon.colcon_core.shell:create_environment_hook('my_robot_controlerr', 'pythonpath')
[4.760s] INFO:colcon.colcon_core.shell:Creating environment hook '/home/iro/ros2_ws/install/my_robot_controlerr/share/my_robot_controlerr/hook/pythonpath.ps1'
[4.761s] INFO:colcon.colcon_core.shell:Creating environment descriptor '/home/iro/ros2_ws/install/my_robot_controlerr/share/my_robot_controlerr/hook/pythonpath.dsv'
[4.762s] INFO:colcon.colcon_core.shell:Creating environment hook '/home/iro/ros2_ws/install/my_robot_controlerr/share/my_robot_controlerr/hook/pythonpath.sh'
[4.763s] Level 1:colcon.colcon_core.environment:checking '/home/iro/ros2_ws/install/my_robot_controlerr/bin'
[4.763s] Level 1:colcon.colcon_core.environment:create_environment_scripts_only(my_robot_controlerr)
[4.766s] INFO:colcon.colcon_core.shell:Creating package script '/home/iro/ros2_ws/install/my_robot_controlerr/share/my_robot_controlerr/package.ps1'
[4.767s] INFO:colcon.colcon_core.shell:Creating package descriptor '/home/iro/ros2_ws/install/my_robot_controlerr/share/my_robot_controlerr/package.dsv'
[4.768s] INFO:colcon.colcon_core.shell:Creating package script '/home/iro/ros2_ws/install/my_robot_controlerr/share/my_robot_controlerr/package.sh'
[4.769s] INFO:colcon.colcon_core.shell:Creating package script '/home/iro/ros2_ws/install/my_robot_controlerr/share/my_robot_controlerr/package.bash'
[4.769s] INFO:colcon.colcon_core.shell:Creating package script '/home/iro/ros2_ws/install/my_robot_controlerr/share/my_robot_controlerr/package.zsh'
[4.770s] Level 1:colcon.colcon_core.environment:create_file_with_runtime_dependencies(/home/iro/ros2_ws/install/my_robot_controlerr/share/colcon-core/packages/my_robot_controlerr)
[5.268s] INFO:colcon.colcon_core.task.python.build:Building Python package in '/home/iro/ros2_ws/src/our_controller'
[5.272s] INFO:colcon.colcon_core.shell:Skip shell extension 'powershell' for command environment: Not usable outside of PowerShell
[5.272s] DEBUG:colcon.colcon_core.shell:Skip shell extension 'dsv' for command environment
[5.946s] DEBUG:colcon.colcon_core.event_handler.log_command:Invoking command in '/home/iro/ros2_ws/build/our_controller': PYTHONPATH=/home/iro/ros2_ws/build/our_controller/prefix_override:/home/iro/ros2_ws/install/our_controller/lib/python3.10/site-packages:${PYTHONPATH} /usr/bin/python3 setup.py develop --editable --build-directory /home/iro/ros2_ws/build/our_controller/build --no-deps install_data
[6.959s] Level 1:colcon.colcon_core.shell:create_environment_hook('our_controller', 'pythonpath_develop')
[6.961s] INFO:colcon.colcon_core.shell:Creating environment hook '/home/iro/ros2_ws/build/our_controller/share/our_controller/hook/pythonpath_develop.ps1'
[6.962s] DEBUG:colcon.colcon_core.event_handler.log_command:Invoked command in '/home/iro/ros2_ws/build/our_controller' returned '0': PYTHONPATH=/home/iro/ros2_ws/build/our_controller/prefix_override:/home/iro/ros2_ws/install/our_controller/lib/python3.10/site-packages:${PYTHONPATH} /usr/bin/python3 setup.py develop --editable --build-directory /home/iro/ros2_ws/build/our_controller/build --no-deps install_data
[6.963s] INFO:colcon.colcon_core.shell:Creating environment descriptor '/home/iro/ros2_ws/build/our_controller/share/our_controller/hook/pythonpath_develop.dsv'
[6.964s] INFO:colcon.colcon_core.shell:Creating environment hook '/home/iro/ros2_ws/build/our_controller/share/our_controller/hook/pythonpath_develop.sh'
[6.969s] Level 1:colcon.colcon_core.environment:checking '/home/iro/ros2_ws/install/our_controller' for CMake module files
[6.970s] Level 1:colcon.colcon_core.environment:checking '/home/iro/ros2_ws/install/our_controller' for CMake config files
[6.971s] Level 1:colcon.colcon_core.environment:checking '/home/iro/ros2_ws/install/our_controller/lib'
[6.971s] Level 1:colcon.colcon_core.environment:checking '/home/iro/ros2_ws/install/our_controller/bin'
[6.971s] Level 1:colcon.colcon_core.environment:checking '/home/iro/ros2_ws/install/our_controller/lib/pkgconfig/our_controller.pc'
[6.972s] Level 1:colcon.colcon_core.environment:checking '/home/iro/ros2_ws/install/our_controller/lib/python3.10/site-packages'
[6.972s] Level 1:colcon.colcon_core.shell:create_environment_hook('our_controller', 'pythonpath')
[6.974s] INFO:colcon.colcon_core.shell:Creating environment hook '/home/iro/ros2_ws/install/our_controller/share/our_controller/hook/pythonpath.ps1'
[6.975s] INFO:colcon.colcon_core.shell:Creating environment descriptor '/home/iro/ros2_ws/install/our_controller/share/our_controller/hook/pythonpath.dsv'
[6.976s] INFO:colcon.colcon_core.shell:Creating environment hook '/home/iro/ros2_ws/install/our_controller/share/our_controller/hook/pythonpath.sh'
[6.977s] Level 1:colcon.colcon_core.environment:checking '/home/iro/ros2_ws/install/our_controller/bin'
[6.977s] Level 1:colcon.colcon_core.environment:create_environment_scripts_only(our_controller)
[6.980s] INFO:colcon.colcon_core.shell:Creating package script '/home/iro/ros2_ws/install/our_controller/share/our_controller/package.ps1'
[6.981s] INFO:colcon.colcon_core.shell:Creating package descriptor '/home/iro/ros2_ws/install/our_controller/share/our_controller/package.dsv'
[6.982s] INFO:colcon.colcon_core.shell:Creating package script '/home/iro/ros2_ws/install/our_controller/share/our_controller/package.sh'
[6.983s] INFO:colcon.colcon_core.shell:Creating package script '/home/iro/ros2_ws/install/our_controller/share/our_controller/package.bash'
[6.983s] INFO:colcon.colcon_core.shell:Creating package script '/home/iro/ros2_ws/install/our_controller/share/our_controller/package.zsh'
[6.984s] Level 1:colcon.colcon_core.environment:create_file_with_runtime_dependencies(/home/iro/ros2_ws/install/our_controller/share/colcon-core/packages/our_controller)
[6.984s] DEBUG:colcon.colcon_parallel_executor.executor.parallel:closing loop
[6.985s] DEBUG:colcon.colcon_parallel_executor.executor.parallel:loop closed
[6.985s] DEBUG:colcon.colcon_parallel_executor.executor.parallel:run_until_complete finished with '0'
[6.985s] DEBUG:colcon.colcon_core.event_reactor:joining thread
[7.048s] INFO:colcon.colcon_core.plugin_system:Skipping extension 'colcon_notification.desktop_notification.terminal_notifier': Not used on non-Darwin systems
[7.048s] INFO:colcon.colcon_core.plugin_system:Skipping extension 'colcon_notification.desktop_notification.win32': Not used on non-Windows systems
[7.048s] INFO:colcon.colcon_notification.desktop_notification:Sending desktop notification using 'notify2'
[7.105s] DEBUG:colcon.colcon_core.event_reactor:joined thread
[7.108s] INFO:colcon.colcon_core.shell:Creating prefix script '/home/iro/ros2_ws/install/local_setup.ps1'
[7.125s] INFO:colcon.colcon_core.shell:Creating prefix util module '/home/iro/ros2_ws/install/_local_setup_util_ps1.py'
[7.142s] INFO:colcon.colcon_core.shell:Creating prefix chain script '/home/iro/ros2_ws/install/setup.ps1'
[7.146s] INFO:colcon.colcon_core.shell:Creating prefix script '/home/iro/ros2_ws/install/local_setup.sh'
[7.166s] INFO:colcon.colcon_core.shell:Creating prefix util module '/home/iro/ros2_ws/install/_local_setup_util_sh.py'
[7.167s] INFO:colcon.colcon_core.shell:Creating prefix chain script '/home/iro/ros2_ws/install/setup.sh'
[7.171s] INFO:colcon.colcon_core.shell:Creating prefix script '/home/iro/ros2_ws/install/local_setup.bash'
[7.173s] INFO:colcon.colcon_core.shell:Creating prefix chain script '/home/iro/ros2_ws/install/setup.bash'
[7.177s] INFO:colcon.colcon_core.shell:Creating prefix script '/home/iro/ros2_ws/install/local_setup.zsh'
[7.189s] INFO:colcon.colcon_core.shell:Creating prefix chain script '/home/iro/ros2_ws/install/setup.zsh'
