running develop
/usr/lib/python3/dist-packages/setuptools/command/easy_install.py:158: EasyInstallDeprecationWarning: easy_install command is deprecated. Use build and pip and other standards-based tools.
  warnings.warn(
/usr/lib/python3/dist-packages/setuptools/command/install.py:34: SetuptoolsDeprecationWarning: setup.py install is deprecated. Use build and pip and other standards-based tools.
  warnings.warn(
/usr/lib/python3/dist-packages/pkg_resources/__init__.py:116: PkgResourcesDeprecationWarning: 1.1build1 is an invalid version and will not be supported in a future release
  warnings.warn(
/usr/lib/python3/dist-packages/pkg_resources/__init__.py:116: PkgResourcesDeprecationWarning: 0.1.43ubuntu1 is an invalid version and will not be supported in a future release
  warnings.warn(
Removing /home/iro/ros2_ws/install/our_controller/lib/python3.10/site-packages/our-controller.egg-link (link to .)
running egg_info
writing ../../build/our_controller/our_controller.egg-info/PKG-INFO
writing dependency_links to ../../build/our_controller/our_controller.egg-info/dependency_links.txt
writing entry points to ../../build/our_controller/our_controller.egg-info/entry_points.txt
writing requirements to ../../build/our_controller/our_controller.egg-info/requires.txt
writing top-level names to ../../build/our_controller/our_controller.egg-info/top_level.txt
reading manifest file '../../build/our_controller/our_controller.egg-info/SOURCES.txt'
writing manifest file '../../build/our_controller/our_controller.egg-info/SOURCES.txt'
running build
running build_py
copying our_controller/essai.py -> /home/iro/ros2_ws/build/our_controller/build/lib/our_controller
running install
/usr/lib/python3/dist-packages/setuptools/command/install.py:34: SetuptoolsDeprecationWarning: setup.py install is deprecated. Use build and pip and other standards-based tools.
  warnings.warn(
running install_lib
creating /home/iro/ros2_ws/install/our_controller/lib/python3.10/site-packages/our_controller
copying /home/iro/ros2_ws/build/our_controller/build/lib/our_controller/__init__.py -> /home/iro/ros2_ws/install/our_controller/lib/python3.10/site-packages/our_controller
copying /home/iro/ros2_ws/build/our_controller/build/lib/our_controller/controller.py -> /home/iro/ros2_ws/install/our_controller/lib/python3.10/site-packages/our_controller
copying /home/iro/ros2_ws/build/our_controller/build/lib/our_controller/essai.py -> /home/iro/ros2_ws/install/our_controller/lib/python3.10/site-packages/our_controller
byte-compiling /home/iro/ros2_ws/install/our_controller/lib/python3.10/site-packages/our_controller/__init__.py to __init__.cpython-310.pyc
byte-compiling /home/iro/ros2_ws/install/our_controller/lib/python3.10/site-packages/our_controller/controller.py to controller.cpython-310.pyc
byte-compiling /home/iro/ros2_ws/install/our_controller/lib/python3.10/site-packages/our_controller/essai.py to essai.cpython-310.pyc
running install_data
copying package.xml -> /home/iro/ros2_ws/install/our_controller/share/our_controller
running install_egg_info
Copying ../../build/our_controller/our_controller.egg-info to /home/iro/ros2_ws/install/our_controller/lib/python3.10/site-packages/our_controller-0.0.0-py3.10.egg-info
running install_scripts
Installing control script to /home/iro/ros2_ws/install/our_controller/lib/our_controller
Installing test_node script to /home/iro/ros2_ws/install/our_controller/lib/our_controller
writing list of installed files to '/home/iro/ros2_ws/build/our_controller/install.log'
