[1.250s] Invoking command in '/home/iro/ros2_ws/build/my_robot_controlerr': PYTHONPATH=/home/iro/ros2_ws/build/my_robot_controlerr/prefix_override:/home/iro/ros2_ws/install/my_robot_controlerr/lib/python3.10/site-packages:${PYTHONPATH} /usr/bin/python3 setup.py develop --uninstall --editable --build-directory /home/iro/ros2_ws/build/my_robot_controlerr/build
[1.802s] running develop
[1.802s] /usr/lib/python3/dist-packages/setuptools/command/easy_install.py:158: EasyInstallDeprecationWarning: easy_install command is deprecated. Use build and pip and other standards-based tools.
[1.803s]   warnings.warn(
[1.806s] /usr/lib/python3/dist-packages/setuptools/command/install.py:34: SetuptoolsDeprecationWarning: setup.py install is deprecated. Use build and pip and other standards-based tools.
[1.806s]   warnings.warn(
[1.947s] /usr/lib/python3/dist-packages/pkg_resources/__init__.py:116: PkgResourcesDeprecationWarning: 1.1build1 is an invalid version and will not be supported in a future release
[1.947s]   warnings.warn(
[1.949s] /usr/lib/python3/dist-packages/pkg_resources/__init__.py:116: PkgResourcesDeprecationWarning: 0.1.43ubuntu1 is an invalid version and will not be supported in a future release
[1.949s]   warnings.warn(
[2.256s] Invoked command in '/home/iro/ros2_ws/build/my_robot_controlerr' returned '0': PYTHONPATH=/home/iro/ros2_ws/build/my_robot_controlerr/prefix_override:/home/iro/ros2_ws/install/my_robot_controlerr/lib/python3.10/site-packages:${PYTHONPATH} /usr/bin/python3 setup.py develop --uninstall --editable --build-directory /home/iro/ros2_ws/build/my_robot_controlerr/build
[2.256s] Invoking command in '/home/iro/ros2_ws/src/my_robot_controlerr': PYTHONPATH=/home/iro/ros2_ws/build/my_robot_controlerr/prefix_override:/home/iro/ros2_ws/install/my_robot_controlerr/lib/python3.10/site-packages:${PYTHONPATH} /usr/bin/python3 setup.py egg_info --egg-base ../../build/my_robot_controlerr build --build-base /home/iro/ros2_ws/build/my_robot_controlerr/build install --record /home/iro/ros2_ws/build/my_robot_controlerr/install.log --single-version-externally-managed
[2.792s] running egg_info
[2.794s] writing ../../build/my_robot_controlerr/my_robot_controlerr.egg-info/PKG-INFO
[2.795s] writing dependency_links to ../../build/my_robot_controlerr/my_robot_controlerr.egg-info/dependency_links.txt
[2.796s] writing entry points to ../../build/my_robot_controlerr/my_robot_controlerr.egg-info/entry_points.txt
[2.797s] writing requirements to ../../build/my_robot_controlerr/my_robot_controlerr.egg-info/requires.txt
[2.797s] writing top-level names to ../../build/my_robot_controlerr/my_robot_controlerr.egg-info/top_level.txt
[2.801s] reading manifest file '../../build/my_robot_controlerr/my_robot_controlerr.egg-info/SOURCES.txt'
[2.804s] writing manifest file '../../build/my_robot_controlerr/my_robot_controlerr.egg-info/SOURCES.txt'
[2.804s] running build
[2.804s] running build_py
[2.806s] running install
[2.806s] /usr/lib/python3/dist-packages/setuptools/command/install.py:34: SetuptoolsDeprecationWarning: setup.py install is deprecated. Use build and pip and other standards-based tools.
[2.806s]   warnings.warn(
[2.807s] running install_lib
[2.810s] running install_data
[2.813s] running install_egg_info
[2.816s] removing '/home/iro/ros2_ws/install/my_robot_controlerr/lib/python3.10/site-packages/my_robot_controlerr-0.0.0-py3.10.egg-info' (and everything under it)
[2.818s] Copying ../../build/my_robot_controlerr/my_robot_controlerr.egg-info to /home/iro/ros2_ws/install/my_robot_controlerr/lib/python3.10/site-packages/my_robot_controlerr-0.0.0-py3.10.egg-info
[2.822s] running install_scripts
[2.869s] Installing controller script to /home/iro/ros2_ws/install/my_robot_controlerr/lib/my_robot_controlerr
[2.870s] Installing test_node script to /home/iro/ros2_ws/install/my_robot_controlerr/lib/my_robot_controlerr
[2.872s] writing list of installed files to '/home/iro/ros2_ws/build/my_robot_controlerr/install.log'
[2.926s] Invoked command in '/home/iro/ros2_ws/src/my_robot_controlerr' returned '0': PYTHONPATH=/home/iro/ros2_ws/build/my_robot_controlerr/prefix_override:/home/iro/ros2_ws/install/my_robot_controlerr/lib/python3.10/site-packages:${PYTHONPATH} /usr/bin/python3 setup.py egg_info --egg-base ../../build/my_robot_controlerr build --build-base /home/iro/ros2_ws/build/my_robot_controlerr/build install --record /home/iro/ros2_ws/build/my_robot_controlerr/install.log --single-version-externally-managed
