[1.216s] Invoking command in '/home/iro/ros2_ws/build/our_controller': PYTHONPATH=/home/iro/ros2_ws/build/our_controller/prefix_override:/home/iro/ros2_ws/install/our_controller/lib/python3.10/site-packages:${PYTHONPATH} /usr/bin/python3 setup.py develop --editable --build-directory /home/iro/ros2_ws/build/our_controller/build --no-deps install_data
[1.716s] running develop
[1.717s] /usr/lib/python3/dist-packages/setuptools/command/easy_install.py:158: EasyInstallDeprecationWarning: easy_install command is deprecated. Use build and pip and other standards-based tools.
[1.717s]   warnings.warn(
[1.719s] /usr/lib/python3/dist-packages/setuptools/command/install.py:34: SetuptoolsDeprecationWarning: setup.py install is deprecated. Use build and pip and other standards-based tools.
[1.719s]   warnings.warn(
[1.872s] /usr/lib/python3/dist-packages/pkg_resources/__init__.py:116: PkgResourcesDeprecationWarning: 1.1build1 is an invalid version and will not be supported in a future release
[1.872s]   warnings.warn(
[1.873s] /usr/lib/python3/dist-packages/pkg_resources/__init__.py:116: PkgResourcesDeprecationWarning: 0.1.43ubuntu1 is an invalid version and will not be supported in a future release
[1.873s]   warnings.warn(
[2.082s] running egg_info
[2.082s] writing our_controller.egg-info/PKG-INFO
[2.083s] writing dependency_links to our_controller.egg-info/dependency_links.txt
[2.100s] writing entry points to our_controller.egg-info/entry_points.txt
[2.101s] writing requirements to our_controller.egg-info/requires.txt
[2.101s] writing top-level names to our_controller.egg-info/top_level.txt
[2.104s] reading manifest file 'our_controller.egg-info/SOURCES.txt'
[2.144s] writing manifest file 'our_controller.egg-info/SOURCES.txt'
[2.147s] running build_ext
[2.147s] Creating /home/iro/ros2_ws/install/our_controller/lib/python3.10/site-packages/our-controller.egg-link (link to .)
[2.149s] Installing control script to /home/iro/ros2_ws/install/our_controller/lib/our_controller
[2.149s] Installing listnerr script to /home/iro/ros2_ws/install/our_controller/lib/our_controller
[2.149s] Installing mannette script to /home/iro/ros2_ws/install/our_controller/lib/our_controller
[2.149s] Installing test_node script to /home/iro/ros2_ws/install/our_controller/lib/our_controller
[2.150s] 
[2.150s] Installed /home/iro/ros2_ws/build/our_controller
[2.150s] running install_data
[2.176s] copying package.xml -> /home/iro/ros2_ws/install/our_controller/share/our_controller
[2.233s] Invoked command in '/home/iro/ros2_ws/build/our_controller' returned '0': PYTHONPATH=/home/iro/ros2_ws/build/our_controller/prefix_override:/home/iro/ros2_ws/install/our_controller/lib/python3.10/site-packages:${PYTHONPATH} /usr/bin/python3 setup.py develop --editable --build-directory /home/iro/ros2_ws/build/our_controller/build --no-deps install_data
