running develop
/usr/lib/python3/dist-packages/setuptools/command/easy_install.py:158: EasyInstallDeprecationWarning: easy_install command is deprecated. Use build and pip and other standards-based tools.
  warnings.warn(
/usr/lib/python3/dist-packages/setuptools/command/install.py:34: SetuptoolsDeprecationWarning: setup.py install is deprecated. Use build and pip and other standards-based tools.
  warnings.warn(
/usr/lib/python3/dist-packages/pkg_resources/__init__.py:116: PkgResourcesDeprecationWarning: 1.1build1 is an invalid version and will not be supported in a future release
  warnings.warn(
/usr/lib/python3/dist-packages/pkg_resources/__init__.py:116: PkgResourcesDeprecationWarning: 0.1.43ubuntu1 is an invalid version and will not be supported in a future release
  warnings.warn(
running egg_info
writing our_controller.egg-info/PKG-INFO
writing dependency_links to our_controller.egg-info/dependency_links.txt
writing entry points to our_controller.egg-info/entry_points.txt
writing requirements to our_controller.egg-info/requires.txt
writing top-level names to our_controller.egg-info/top_level.txt
reading manifest file 'our_controller.egg-info/SOURCES.txt'
writing manifest file 'our_controller.egg-info/SOURCES.txt'
running build_ext
Creating /home/iro/ros2_ws/install/our_controller/lib/python3.10/site-packages/our-controller.egg-link (link to .)
Installing control script to /home/iro/ros2_ws/install/our_controller/lib/our_controller
Installing listnerr script to /home/iro/ros2_ws/install/our_controller/lib/our_controller
Installing mannette script to /home/iro/ros2_ws/install/our_controller/lib/our_controller
Installing test_node script to /home/iro/ros2_ws/install/our_controller/lib/our_controller

Installed /home/iro/ros2_ws/build/our_controller
running install_data
